[ 2015-03-09T09:21:01+08:00 ] /xxx/admin.php/Login/index/ | INFO: Tag[ route_check ] --START--
[ 2015-03-09T09:21:01+08:00 ] /xxx/admin.php/Login/index/ | INFO: Run CheckRoute Behavior [ RunTime:0.002343s ]
[ 2015-03-09T09:21:01+08:00 ] /xxx/admin.php/Login/index/ | INFO: Tag[ route_check ] --END-- [ RunTime:0.002773s ]
[ 2015-03-09T09:21:01+08:00 ] /xxx/admin.php/Login/index/ | NOTIC: [8192] preg_replace(): The /e modifier is deprecated, use preg_replace_callback instead Dispatcher.class.php 第 125 行.
[ 2015-03-09T09:21:01+08:00 ] /xxx/admin.php/Login/index/ | INFO: Tag[ app_begin ] --START--
[ 2015-03-09T09:21:01+08:00 ] /xxx/admin.php/Login/index/ | INFO: Run ReadHtmlCache Behavior [ RunTime:0.000810s ]
[ 2015-03-09T09:21:01+08:00 ] /xxx/admin.php/Login/index/ | INFO: Tag[ app_begin ] --END-- [ RunTime:0.000926s ]
[ 2015-03-09T09:21:01+08:00 ] /xxx/admin.php/Login/index/ | INFO: Tag[ view_template ] --START--
[ 2015-03-09T09:21:01+08:00 ] /xxx/admin.php/Login/index/ | INFO: Run LocationTemplate Behavior [ RunTime:0.000841s ]
[ 2015-03-09T09:21:01+08:00 ] /xxx/admin.php/Login/index/ | INFO: Tag[ view_template ] --END-- [ RunTime:0.000966s ]
[ 2015-03-09T09:21:01+08:00 ] /xxx/admin.php/Login/index/ | INFO: Tag[ view_parse ] --START--
[ 2015-03-09T09:21:01+08:00 ] /xxx/admin.php/Login/index/ | NOTIC: [8192] preg_replace(): The /e modifier is deprecated, use preg_replace_callback instead ThinkTemplate.class.php 第 186 行.
[ 2015-03-09T09:21:01+08:00 ] /xxx/admin.php/Login/index/ | NOTIC: [8192] preg_replace(): The /e modifier is deprecated, use preg_replace_callback instead ThinkTemplate.class.php 第 406 行.
[ 2015-03-09T09:21:01+08:00 ] /xxx/admin.php/Login/index/ | NOTIC: [8192] preg_replace(): The /e modifier is deprecated, use preg_replace_callback instead ThinkTemplate.class.php 第 406 行.
[ 2015-03-09T09:21:01+08:00 ] /xxx/admin.php/Login/index/ | NOTIC: [8192] preg_replace(): The /e modifier is deprecated, use preg_replace_callback instead ThinkTemplate.class.php 第 406 行.
[ 2015-03-09T09:21:01+08:00 ] /xxx/admin.php/Login/index/ | NOTIC: [8192] preg_replace(): The /e modifier is deprecated, use preg_replace_callback instead ThinkTemplate.class.php 第 406 行.
[ 2015-03-09T09:21:01+08:00 ] /xxx/admin.php/Login/index/ | NOTIC: [8192] preg_replace(): The /e modifier is deprecated, use preg_replace_callback instead ThinkTemplate.class.php 第 406 行.
[ 2015-03-09T09:21:01+08:00 ] /xxx/admin.php/Login/index/ | NOTIC: [8192] preg_replace(): The /e modifier is deprecated, use preg_replace_callback instead ThinkTemplate.class.php 第 406 行.
[ 2015-03-09T09:21:01+08:00 ] /xxx/admin.php/Login/index/ | NOTIC: [8192] preg_replace(): The /e modifier is deprecated, use preg_replace_callback instead ThinkTemplate.class.php 第 406 行.
[ 2015-03-09T09:21:01+08:00 ] /xxx/admin.php/Login/index/ | NOTIC: [8192] preg_replace(): The /e modifier is deprecated, use preg_replace_callback instead ThinkTemplate.class.php 第 406 行.
[ 2015-03-09T09:21:01+08:00 ] /xxx/admin.php/Login/index/ | NOTIC: [8192] preg_replace(): The /e modifier is deprecated, use preg_replace_callback instead ThinkTemplate.class.php 第 406 行.
[ 2015-03-09T09:21:01+08:00 ] /xxx/admin.php/Login/index/ | NOTIC: [8192] preg_replace(): The /e modifier is deprecated, use preg_replace_callback instead ThinkTemplate.class.php 第 402 行.
[ 2015-03-09T09:21:01+08:00 ] /xxx/admin.php/Login/index/ | NOTIC: [8192] preg_replace(): The /e modifier is deprecated, use preg_replace_callback instead ThinkTemplate.class.php 第 402 行.
[ 2015-03-09T09:21:01+08:00 ] /xxx/admin.php/Login/index/ | NOTIC: [8192] preg_replace(): The /e modifier is deprecated, use preg_replace_callback instead ThinkTemplate.class.php 第 406 行.
[ 2015-03-09T09:21:01+08:00 ] /xxx/admin.php/Login/index/ | NOTIC: [8192] preg_replace(): The /e modifier is deprecated, use preg_replace_callback instead ThinkTemplate.class.php 第 406 行.
[ 2015-03-09T09:21:01+08:00 ] /xxx/admin.php/Login/index/ | NOTIC: [8192] preg_replace(): The /e modifier is deprecated, use preg_replace_callback instead ThinkTemplate.class.php 第 406 行.
[ 2015-03-09T09:21:01+08:00 ] /xxx/admin.php/Login/index/ | NOTIC: [8192] preg_replace(): The /e modifier is deprecated, use preg_replace_callback instead ThinkTemplate.class.php 第 402 行.
[ 2015-03-09T09:21:01+08:00 ] /xxx/admin.php/Login/index/ | NOTIC: [8192] preg_replace(): The /e modifier is deprecated, use preg_replace_callback instead ThinkTemplate.class.php 第 406 行.
[ 2015-03-09T09:21:01+08:00 ] /xxx/admin.php/Login/index/ | NOTIC: [8192] preg_replace(): The /e modifier is deprecated, use preg_replace_callback instead ThinkTemplate.class.php 第 406 行.
[ 2015-03-09T09:21:01+08:00 ] /xxx/admin.php/Login/index/ | NOTIC: [8192] preg_replace(): The /e modifier is deprecated, use preg_replace_callback instead ThinkTemplate.class.php 第 406 行.
[ 2015-03-09T09:21:01+08:00 ] /xxx/admin.php/Login/index/ | NOTIC: [8192] preg_replace(): The /e modifier is deprecated, use preg_replace_callback instead ThinkTemplate.class.php 第 406 行.
[ 2015-03-09T09:21:01+08:00 ] /xxx/admin.php/Login/index/ | NOTIC: [8192] preg_replace(): The /e modifier is deprecated, use preg_replace_callback instead ThinkTemplate.class.php 第 406 行.
[ 2015-03-09T09:21:01+08:00 ] /xxx/admin.php/Login/index/ | NOTIC: [8192] preg_replace(): The /e modifier is deprecated, use preg_replace_callback instead ThinkTemplate.class.php 第 406 行.
[ 2015-03-09T09:21:01+08:00 ] /xxx/admin.php/Login/index/ | NOTIC: [8192] preg_replace(): The /e modifier is deprecated, use preg_replace_callback instead ThinkTemplate.class.php 第 406 行.
[ 2015-03-09T09:21:01+08:00 ] /xxx/admin.php/Login/index/ | NOTIC: [8192] preg_replace(): The /e modifier is deprecated, use preg_replace_callback instead ThinkTemplate.class.php 第 406 行.
[ 2015-03-09T09:21:01+08:00 ] /xxx/admin.php/Login/index/ | NOTIC: [8192] preg_replace(): The /e modifier is deprecated, use preg_replace_callback instead ThinkTemplate.class.php 第 406 行.
[ 2015-03-09T09:21:01+08:00 ] /xxx/admin.php/Login/index/ | NOTIC: [8192] preg_replace(): The /e modifier is deprecated, use preg_replace_callback instead ThinkTemplate.class.php 第 406 行.
[ 2015-03-09T09:21:01+08:00 ] /xxx/admin.php/Login/index/ | NOTIC: [8192] preg_replace(): The /e modifier is deprecated, use preg_replace_callback instead ThinkTemplate.class.php 第 406 行.
[ 2015-03-09T09:21:01+08:00 ] /xxx/admin.php/Login/index/ | NOTIC: [8192] preg_replace(): The /e modifier is deprecated, use preg_replace_callback instead ThinkTemplate.class.php 第 406 行.
[ 2015-03-09T09:21:01+08:00 ] /xxx/admin.php/Login/index/ | NOTIC: [8192] preg_replace(): The /e modifier is deprecated, use preg_replace_callback instead ThinkTemplate.class.php 第 406 行.
[ 2015-03-09T09:21:01+08:00 ] /xxx/admin.php/Login/index/ | NOTIC: [8192] preg_replace(): The /e modifier is deprecated, use preg_replace_callback instead ThinkTemplate.class.php 第 406 行.
[ 2015-03-09T09:21:01+08:00 ] /xxx/admin.php/Login/index/ | NOTIC: [8192] preg_replace(): The /e modifier is deprecated, use preg_replace_callback instead ThinkTemplate.class.php 第 406 行.
[ 2015-03-09T09:21:01+08:00 ] /xxx/admin.php/Login/index/ | NOTIC: [8192] preg_replace(): The /e modifier is deprecated, use preg_replace_callback instead ThinkTemplate.class.php 第 406 行.
[ 2015-03-09T09:21:01+08:00 ] /xxx/admin.php/Login/index/ | NOTIC: [8192] preg_replace(): The /e modifier is deprecated, use preg_replace_callback instead ThinkTemplate.class.php 第 406 行.
[ 2015-03-09T09:21:01+08:00 ] /xxx/admin.php/Login/index/ | NOTIC: [8192] preg_replace(): The /e modifier is deprecated, use preg_replace_callback instead ThinkTemplate.class.php 第 406 行.
[ 2015-03-09T09:21:01+08:00 ] /xxx/admin.php/Login/index/ | NOTIC: [8192] preg_replace(): The /e modifier is deprecated, use preg_replace_callback instead ThinkTemplate.class.php 第 406 行.
[ 2015-03-09T09:21:01+08:00 ] /xxx/admin.php/Login/index/ | NOTIC: [8192] preg_replace(): The /e modifier is deprecated, use preg_replace_callback instead ThinkTemplate.class.php 第 406 行.
[ 2015-03-09T09:21:01+08:00 ] /xxx/admin.php/Login/index/ | NOTIC: [8192] preg_replace(): The /e modifier is deprecated, use preg_replace_callback instead ThinkTemplate.class.php 第 406 行.
[ 2015-03-09T09:21:01+08:00 ] /xxx/admin.php/Login/index/ | NOTIC: [8192] preg_replace(): The /e modifier is deprecated, use preg_replace_callback instead ThinkTemplate.class.php 第 406 行.
[ 2015-03-09T09:21:01+08:00 ] /xxx/admin.php/Login/index/ | NOTIC: [8192] preg_replace(): The /e modifier is deprecated, use preg_replace_callback instead ThinkTemplate.class.php 第 406 行.
[ 2015-03-09T09:21:01+08:00 ] /xxx/admin.php/Login/index/ | NOTIC: [8192] preg_replace(): The /e modifier is deprecated, use preg_replace_callback instead ThinkTemplate.class.php 第 406 行.
[ 2015-03-09T09:21:01+08:00 ] /xxx/admin.php/Login/index/ | NOTIC: [8192] preg_replace(): The /e modifier is deprecated, use preg_replace_callback instead ThinkTemplate.class.php 第 406 行.
[ 2015-03-09T09:21:01+08:00 ] /xxx/admin.php/Login/index/ | NOTIC: [8192] preg_replace(): The /e modifier is deprecated, use preg_replace_callback instead ThinkTemplate.class.php 第 406 行.
[ 2015-03-09T09:21:01+08:00 ] /xxx/admin.php/Login/index/ | NOTIC: [8192] preg_replace(): The /e modifier is deprecated, use preg_replace_callback instead ThinkTemplate.class.php 第 406 行.
[ 2015-03-09T09:21:01+08:00 ] /xxx/admin.php/Login/index/ | NOTIC: [8192] preg_replace(): The /e modifier is deprecated, use preg_replace_callback instead ThinkTemplate.class.php 第 406 行.
[ 2015-03-09T09:21:01+08:00 ] /xxx/admin.php/Login/index/ | NOTIC: [8192] preg_replace(): The /e modifier is deprecated, use preg_replace_callback instead ThinkTemplate.class.php 第 406 行.
[ 2015-03-09T09:21:01+08:00 ] /xxx/admin.php/Login/index/ | NOTIC: [8192] preg_replace(): The /e modifier is deprecated, use preg_replace_callback instead ThinkTemplate.class.php 第 406 行.
[ 2015-03-09T09:21:01+08:00 ] /xxx/admin.php/Login/index/ | NOTIC: [8192] preg_replace(): The /e modifier is deprecated, use preg_replace_callback instead ThinkTemplate.class.php 第 406 行.
[ 2015-03-09T09:21:01+08:00 ] /xxx/admin.php/Login/index/ | NOTIC: [8192] preg_replace(): The /e modifier is deprecated, use preg_replace_callback instead ThinkTemplate.class.php 第 406 行.
[ 2015-03-09T09:21:01+08:00 ] /xxx/admin.php/Login/index/ | NOTIC: [8192] preg_replace(): The /e modifier is deprecated, use preg_replace_callback instead ThinkTemplate.class.php 第 406 行.
[ 2015-03-09T09:21:01+08:00 ] /xxx/admin.php/Login/index/ | NOTIC: [8192] preg_replace(): The /e modifier is deprecated, use preg_replace_callback instead ThinkTemplate.class.php 第 406 行.
[ 2015-03-09T09:21:01+08:00 ] /xxx/admin.php/Login/index/ | NOTIC: [8192] preg_replace(): The /e modifier is deprecated, use preg_replace_callback instead ThinkTemplate.class.php 第 406 行.
[ 2015-03-09T09:21:01+08:00 ] /xxx/admin.php/Login/index/ | NOTIC: [8192] preg_replace(): The /e modifier is deprecated, use preg_replace_callback instead ThinkTemplate.class.php 第 406 行.
[ 2015-03-09T09:21:01+08:00 ] /xxx/admin.php/Login/index/ | NOTIC: [8192] preg_replace(): The /e modifier is deprecated, use preg_replace_callback instead ThinkTemplate.class.php 第 406 行.
[ 2015-03-09T09:21:01+08:00 ] /xxx/admin.php/Login/index/ | NOTIC: [8192] preg_replace(): The /e modifier is deprecated, use preg_replace_callback instead ThinkTemplate.class.php 第 406 行.
[ 2015-03-09T09:21:01+08:00 ] /xxx/admin.php/Login/index/ | NOTIC: [8192] preg_replace(): The /e modifier is deprecated, use preg_replace_callback instead ThinkTemplate.class.php 第 406 行.
[ 2015-03-09T09:21:01+08:00 ] /xxx/admin.php/Login/index/ | NOTIC: [8192] preg_replace(): The /e modifier is deprecated, use preg_replace_callback instead ThinkTemplate.class.php 第 406 行.
[ 2015-03-09T09:21:01+08:00 ] /xxx/admin.php/Login/index/ | NOTIC: [8192] preg_replace(): The /e modifier is deprecated, use preg_replace_callback instead ThinkTemplate.class.php 第 406 行.
[ 2015-03-09T09:21:01+08:00 ] /xxx/admin.php/Login/index/ | NOTIC: [8192] preg_replace(): The /e modifier is deprecated, use preg_replace_callback instead ThinkTemplate.class.php 第 406 行.
[ 2015-03-09T09:21:01+08:00 ] /xxx/admin.php/Login/index/ | NOTIC: [8192] preg_replace(): The /e modifier is deprecated, use preg_replace_callback instead ThinkTemplate.class.php 第 406 行.
[ 2015-03-09T09:21:01+08:00 ] /xxx/admin.php/Login/index/ | NOTIC: [8192] preg_replace(): The /e modifier is deprecated, use preg_replace_callback instead ThinkTemplate.class.php 第 406 行.
[ 2015-03-09T09:21:01+08:00 ] /xxx/admin.php/Login/index/ | NOTIC: [8192] preg_replace(): The /e modifier is deprecated, use preg_replace_callback instead ThinkTemplate.class.php 第 406 行.
[ 2015-03-09T09:21:01+08:00 ] /xxx/admin.php/Login/index/ | NOTIC: [8192] preg_replace(): The /e modifier is deprecated, use preg_replace_callback instead ThinkTemplate.class.php 第 406 行.
[ 2015-03-09T09:21:01+08:00 ] /xxx/admin.php/Login/index/ | NOTIC: [8192] preg_replace(): The /e modifier is deprecated, use preg_replace_callback instead ThinkTemplate.class.php 第 406 行.
[ 2015-03-09T09:21:01+08:00 ] /xxx/admin.php/Login/index/ | NOTIC: [8192] preg_replace(): The /e modifier is deprecated, use preg_replace_callback instead ThinkTemplate.class.php 第 406 行.
[ 2015-03-09T09:21:01+08:00 ] /xxx/admin.php/Login/index/ | NOTIC: [8192] preg_replace(): The /e modifier is deprecated, use preg_replace_callback instead ThinkTemplate.class.php 第 406 行.
[ 2015-03-09T09:21:01+08:00 ] /xxx/admin.php/Login/index/ | NOTIC: [8192] preg_replace(): The /e modifier is deprecated, use preg_replace_callback instead ThinkTemplate.class.php 第 406 行.
[ 2015-03-09T09:21:01+08:00 ] /xxx/admin.php/Login/index/ | NOTIC: [8192] preg_replace(): The /e modifier is deprecated, use preg_replace_callback instead ThinkTemplate.class.php 第 406 行.
[ 2015-03-09T09:21:01+08:00 ] /xxx/admin.php/Login/index/ | NOTIC: [8192] preg_replace(): The /e modifier is deprecated, use preg_replace_callback instead ThinkTemplate.class.php 第 406 行.
[ 2015-03-09T09:21:01+08:00 ] /xxx/admin.php/Login/index/ | NOTIC: [8192] preg_replace(): The /e modifier is deprecated, use preg_replace_callback instead ThinkTemplate.class.php 第 406 行.
[ 2015-03-09T09:21:01+08:00 ] /xxx/admin.php/Login/index/ | NOTIC: [8192] preg_replace(): The /e modifier is deprecated, use preg_replace_callback instead ThinkTemplate.class.php 第 406 行.
[ 2015-03-09T09:21:01+08:00 ] /xxx/admin.php/Login/index/ | NOTIC: [8192] preg_replace(): The /e modifier is deprecated, use preg_replace_callback instead ThinkTemplate.class.php 第 406 行.
[ 2015-03-09T09:21:01+08:00 ] /xxx/admin.php/Login/index/ | NOTIC: [8192] preg_replace(): The /e modifier is deprecated, use preg_replace_callback instead ThinkTemplate.class.php 第 406 行.
[ 2015-03-09T09:21:01+08:00 ] /xxx/admin.php/Login/index/ | NOTIC: [8192] preg_replace(): The /e modifier is deprecated, use preg_replace_callback instead ThinkTemplate.class.php 第 406 行.
[ 2015-03-09T09:21:01+08:00 ] /xxx/admin.php/Login/index/ | NOTIC: [8192] preg_replace(): The /e modifier is deprecated, use preg_replace_callback instead ThinkTemplate.class.php 第 406 行.
[ 2015-03-09T09:21:01+08:00 ] /xxx/admin.php/Login/index/ | NOTIC: [8192] preg_replace(): The /e modifier is deprecated, use preg_replace_callback instead ThinkTemplate.class.php 第 406 行.
[ 2015-03-09T09:21:01+08:00 ] /xxx/admin.php/Login/index/ | NOTIC: [8192] preg_replace(): The /e modifier is deprecated, use preg_replace_callback instead ThinkTemplate.class.php 第 406 行.
[ 2015-03-09T09:21:01+08:00 ] /xxx/admin.php/Login/index/ | NOTIC: [8192] preg_replace(): The /e modifier is deprecated, use preg_replace_callback instead ThinkTemplate.class.php 第 406 行.
[ 2015-03-09T09:21:01+08:00 ] /xxx/admin.php/Login/index/ | NOTIC: [8192] preg_replace(): The /e modifier is deprecated, use preg_replace_callback instead ThinkTemplate.class.php 第 406 行.
[ 2015-03-09T09:21:01+08:00 ] /xxx/admin.php/Login/index/ | NOTIC: [8192] preg_replace(): The /e modifier is deprecated, use preg_replace_callback instead ThinkTemplate.class.php 第 406 行.
[ 2015-03-09T09:21:01+08:00 ] /xxx/admin.php/Login/index/ | NOTIC: [8192] preg_replace(): The /e modifier is deprecated, use preg_replace_callback instead ThinkTemplate.class.php 第 406 行.
[ 2015-03-09T09:21:01+08:00 ] /xxx/admin.php/Login/index/ | NOTIC: [8192] preg_replace(): The /e modifier is deprecated, use preg_replace_callback instead ThinkTemplate.class.php 第 406 行.
[ 2015-03-09T09:21:01+08:00 ] /xxx/admin.php/Login/index/ | NOTIC: [8192] preg_replace(): The /e modifier is deprecated, use preg_replace_callback instead ThinkTemplate.class.php 第 406 行.
[ 2015-03-09T09:21:01+08:00 ] /xxx/admin.php/Login/index/ | NOTIC: [8192] preg_replace(): The /e modifier is deprecated, use preg_replace_callback instead ThinkTemplate.class.php 第 402 行.
[ 2015-03-09T09:21:01+08:00 ] /xxx/admin.php/Login/index/ | NOTIC: [8192] preg_replace(): The /e modifier is deprecated, use preg_replace_callback instead ThinkTemplate.class.php 第 402 行.
[ 2015-03-09T09:21:01+08:00 ] /xxx/admin.php/Login/index/ | NOTIC: [8192] preg_replace(): The /e modifier is deprecated, use preg_replace_callback instead ThinkTemplate.class.php 第 402 行.
[ 2015-03-09T09:21:01+08:00 ] /xxx/admin.php/Login/index/ | NOTIC: [8192] preg_replace(): The /e modifier is deprecated, use preg_replace_callback instead ThinkTemplate.class.php 第 402 行.
[ 2015-03-09T09:21:01+08:00 ] /xxx/admin.php/Login/index/ | NOTIC: [8192] preg_replace(): The /e modifier is deprecated, use preg_replace_callback instead ThinkTemplate.class.php 第 402 行.
[ 2015-03-09T09:21:01+08:00 ] /xxx/admin.php/Login/index/ | NOTIC: [8192] preg_replace(): The /e modifier is deprecated, use preg_replace_callback instead ThinkTemplate.class.php 第 402 行.
[ 2015-03-09T09:21:01+08:00 ] /xxx/admin.php/Login/index/ | NOTIC: [8192] preg_replace(): The /e modifier is deprecated, use preg_replace_callback instead ThinkTemplate.class.php 第 406 行.
[ 2015-03-09T09:21:01+08:00 ] /xxx/admin.php/Login/index/ | NOTIC: [8192] preg_replace(): The /e modifier is deprecated, use preg_replace_callback instead ThinkTemplate.class.php 第 406 行.
[ 2015-03-09T09:21:01+08:00 ] /xxx/admin.php/Login/index/ | NOTIC: [8192] preg_replace(): The /e modifier is deprecated, use preg_replace_callback instead ThinkTemplate.class.php 第 406 行.
[ 2015-03-09T09:21:01+08:00 ] /xxx/admin.php/Login/index/ | NOTIC: [8192] preg_replace(): The /e modifier is deprecated, use preg_replace_callback instead ThinkTemplate.class.php 第 220 行.
[ 2015-03-09T09:21:01+08:00 ] /xxx/admin.php/Login/index/ | NOTIC: [8192] preg_replace(): The /e modifier is deprecated, use preg_replace_callback instead ThinkTemplate.class.php 第 154 行.
[ 2015-03-09T09:21:01+08:00 ] /xxx/admin.php/Login/index/ | INFO: Run ParseTemplate Behavior [ RunTime:0.014677s ]
[ 2015-03-09T09:21:01+08:00 ] /xxx/admin.php/Login/index/ | INFO: Tag[ view_parse ] --END-- [ RunTime:0.014812s ]
[ 2015-03-09T09:21:01+08:00 ] /xxx/admin.php/Login/index/ | INFO: Tag[ view_filter ] --START--
[ 2015-03-09T09:21:01+08:00 ] /xxx/admin.php/Login/index/ | INFO: Run ContentReplace Behavior [ RunTime:0.000682s ]
[ 2015-03-09T09:21:01+08:00 ] /xxx/admin.php/Login/index/ | INFO: Run TokenBuild Behavior [ RunTime:0.000713s ]
[ 2015-03-09T09:21:01+08:00 ] /xxx/admin.php/Login/index/ | INFO: Run WriteHtmlCache Behavior [ RunTime:0.000534s ]
[ 2015-03-09T09:21:01+08:00 ] /xxx/admin.php/Login/index/ | INFO: Run ShowRuntime Behavior [ RunTime:0.000954s ]
[ 2015-03-09T09:21:01+08:00 ] /xxx/admin.php/Login/index/ | INFO: Tag[ view_filter ] --END-- [ RunTime:0.003279s ]
[ 2015-03-09T09:21:01+08:00 ] /xxx/admin.php/Login/index/ | INFO: Tag[ view_end ] --START--
[ 2015-03-09T09:21:01+08:00 ] /xxx/admin.php/Login/index/ | INFO: Run ShowPageTrace Behavior [ RunTime:0.000611s ]
[ 2015-03-09T09:21:01+08:00 ] /xxx/admin.php/Login/index/ | INFO: Tag[ view_end ] --END-- [ RunTime:0.000757s ]
[ 2015-03-09T09:21:01+08:00 ] /xxx/admin.php/Common/verify | INFO: Tag[ route_check ] --START--
[ 2015-03-09T09:21:01+08:00 ] /xxx/admin.php/Common/verify | INFO: Run CheckRoute Behavior [ RunTime:0.001307s ]
[ 2015-03-09T09:21:01+08:00 ] /xxx/admin.php/Common/verify | INFO: Tag[ route_check ] --END-- [ RunTime:0.001632s ]
[ 2015-03-09T09:21:01+08:00 ] /xxx/admin.php/Common/verify | NOTIC: [8192] preg_replace(): The /e modifier is deprecated, use preg_replace_callback instead Dispatcher.class.php 第 125 行.
[ 2015-03-09T09:21:01+08:00 ] /xxx/admin.php/Common/verify | INFO: Tag[ app_begin ] --START--
[ 2015-03-09T09:21:01+08:00 ] /xxx/admin.php/Common/verify | INFO: Run ReadHtmlCache Behavior [ RunTime:0.001115s ]
[ 2015-03-09T09:21:01+08:00 ] /xxx/admin.php/Common/verify | INFO: Tag[ app_begin ] --END-- [ RunTime:0.001390s ]
