[ 2015-02-11T07:56:21+08:00 ] /xxx/index.php/ | INFO: Tag[ route_check ] --START--
[ 2015-02-11T07:56:21+08:00 ] /xxx/index.php/ | INFO: Run CheckRoute Behavior [ RunTime:0.002905s ]
[ 2015-02-11T07:56:21+08:00 ] /xxx/index.php/ | INFO: Tag[ route_check ] --END-- [ RunTime:0.003206s ]
[ 2015-02-11T07:56:21+08:00 ] /xxx/index.php/ | INFO: Tag[ app_begin ] --START--
[ 2015-02-11T07:56:21+08:00 ] /xxx/index.php/ | INFO: Run ReadHtmlCache Behavior [ RunTime:0.001678s ]
[ 2015-02-11T07:56:21+08:00 ] /xxx/index.php/ | INFO: Tag[ app_begin ] --END-- [ RunTime:0.001799s ]
[ 2015-02-11T07:56:21+08:00 ] /xxx/index.php/ | NOTIC: [8192] mysql_connect(): The mysql extension is deprecated and will be removed in the future: use mysqli or PDO instead DbMysql.class.php 第 67 行.
[ 2015-02-11T07:56:21+08:00 ] /xxx/index.php/ | SQL: SHOW COLUMNS FROM `think_article` [ RunTime:0.004991s ]
[ 2015-02-11T07:56:21+08:00 ] /xxx/index.php/ | NOTIC: [8192] preg_replace(): The /e modifier is deprecated, use preg_replace_callback instead Db.class.php 第 660 行.
[ 2015-02-11T07:56:21+08:00 ] /xxx/index.php/ | SQL: SELECT `id`,`subject`,`message`,`createtime` FROM `think_article` ORDER BY id desc  [ RunTime:0.001386s ]
[ 2015-02-11T07:56:21+08:00 ] /xxx/index.php/ | INFO: Tag[ view_template ] --START--
[ 2015-02-11T07:56:21+08:00 ] /xxx/index.php/ | INFO: Run LocationTemplate Behavior [ RunTime:0.001695s ]
[ 2015-02-11T07:56:21+08:00 ] /xxx/index.php/ | INFO: Tag[ view_template ] --END-- [ RunTime:0.001817s ]
[ 2015-02-11T07:56:21+08:00 ] /xxx/index.php/ | INFO: Tag[ view_parse ] --START--
[ 2015-02-11T07:56:21+08:00 ] /xxx/index.php/ | NOTIC: [8192] preg_replace(): The /e modifier is deprecated, use preg_replace_callback instead ThinkTemplate.class.php 第 186 行.
[ 2015-02-11T07:56:21+08:00 ] /xxx/index.php/ | NOTIC: [8192] preg_replace(): The /e modifier is deprecated, use preg_replace_callback instead ThinkTemplate.class.php 第 406 行.
[ 2015-02-11T07:56:21+08:00 ] /xxx/index.php/ | NOTIC: [8192] preg_replace(): The /e modifier is deprecated, use preg_replace_callback instead ThinkTemplate.class.php 第 406 行.
[ 2015-02-11T07:56:21+08:00 ] /xxx/index.php/ | NOTIC: [8192] preg_replace(): The /e modifier is deprecated, use preg_replace_callback instead ThinkTemplate.class.php 第 186 行.
[ 2015-02-11T07:56:21+08:00 ] /xxx/index.php/ | NOTIC: [8192] preg_replace(): The /e modifier is deprecated, use preg_replace_callback instead ThinkTemplate.class.php 第 406 行.
[ 2015-02-11T07:56:21+08:00 ] /xxx/index.php/ | NOTIC: [8192] preg_replace(): The /e modifier is deprecated, use preg_replace_callback instead ThinkTemplate.class.php 第 406 行.
[ 2015-02-11T07:56:21+08:00 ] /xxx/index.php/ | NOTIC: [8192] preg_replace(): The /e modifier is deprecated, use preg_replace_callback instead ThinkTemplate.class.php 第 406 行.
[ 2015-02-11T07:56:21+08:00 ] /xxx/index.php/ | NOTIC: [8192] preg_replace(): The /e modifier is deprecated, use preg_replace_callback instead ThinkTemplate.class.php 第 406 行.
[ 2015-02-11T07:56:21+08:00 ] /xxx/index.php/ | NOTIC: [8192] preg_replace(): The /e modifier is deprecated, use preg_replace_callback instead ThinkTemplate.class.php 第 406 行.
[ 2015-02-11T07:56:21+08:00 ] /xxx/index.php/ | NOTIC: [8192] preg_replace(): The /e modifier is deprecated, use preg_replace_callback instead ThinkTemplate.class.php 第 406 行.
[ 2015-02-11T07:56:21+08:00 ] /xxx/index.php/ | NOTIC: [8192] preg_replace(): The /e modifier is deprecated, use preg_replace_callback instead ThinkTemplate.class.php 第 406 行.
[ 2015-02-11T07:56:21+08:00 ] /xxx/index.php/ | NOTIC: [8192] preg_replace(): The /e modifier is deprecated, use preg_replace_callback instead ThinkTemplate.class.php 第 406 行.
[ 2015-02-11T07:56:21+08:00 ] /xxx/index.php/ | NOTIC: [8192] preg_replace(): The /e modifier is deprecated, use preg_replace_callback instead ThinkTemplate.class.php 第 406 行.
[ 2015-02-11T07:56:21+08:00 ] /xxx/index.php/ | NOTIC: [8192] preg_replace(): The /e modifier is deprecated, use preg_replace_callback instead ThinkTemplate.class.php 第 402 行.
[ 2015-02-11T07:56:21+08:00 ] /xxx/index.php/ | NOTIC: [8192] preg_replace(): The /e modifier is deprecated, use preg_replace_callback instead ThinkTemplate.class.php 第 402 行.
[ 2015-02-11T07:56:21+08:00 ] /xxx/index.php/ | NOTIC: [8192] preg_replace(): The /e modifier is deprecated, use preg_replace_callback instead ThinkTemplate.class.php 第 406 行.
[ 2015-02-11T07:56:21+08:00 ] /xxx/index.php/ | NOTIC: [8192] preg_replace(): The /e modifier is deprecated, use preg_replace_callback instead ThinkTemplate.class.php 第 406 行.
[ 2015-02-11T07:56:21+08:00 ] /xxx/index.php/ | NOTIC: [8192] preg_replace(): The /e modifier is deprecated, use preg_replace_callback instead ThinkTemplate.class.php 第 406 行.
[ 2015-02-11T07:56:21+08:00 ] /xxx/index.php/ | NOTIC: [8192] preg_replace(): The /e modifier is deprecated, use preg_replace_callback instead ThinkTemplate.class.php 第 402 行.
[ 2015-02-11T07:56:21+08:00 ] /xxx/index.php/ | NOTIC: [8192] preg_replace(): The /e modifier is deprecated, use preg_replace_callback instead ThinkTemplate.class.php 第 406 行.
[ 2015-02-11T07:56:21+08:00 ] /xxx/index.php/ | NOTIC: [8192] preg_replace(): The /e modifier is deprecated, use preg_replace_callback instead ThinkTemplate.class.php 第 406 行.
[ 2015-02-11T07:56:21+08:00 ] /xxx/index.php/ | NOTIC: [8192] preg_replace(): The /e modifier is deprecated, use preg_replace_callback instead ThinkTemplate.class.php 第 406 行.
[ 2015-02-11T07:56:21+08:00 ] /xxx/index.php/ | NOTIC: [8192] preg_replace(): The /e modifier is deprecated, use preg_replace_callback instead ThinkTemplate.class.php 第 406 行.
[ 2015-02-11T07:56:21+08:00 ] /xxx/index.php/ | NOTIC: [8192] preg_replace(): The /e modifier is deprecated, use preg_replace_callback instead ThinkTemplate.class.php 第 406 行.
[ 2015-02-11T07:56:21+08:00 ] /xxx/index.php/ | NOTIC: [8192] preg_replace(): The /e modifier is deprecated, use preg_replace_callback instead ThinkTemplate.class.php 第 406 行.
[ 2015-02-11T07:56:21+08:00 ] /xxx/index.php/ | NOTIC: [8192] preg_replace(): The /e modifier is deprecated, use preg_replace_callback instead ThinkTemplate.class.php 第 406 行.
[ 2015-02-11T07:56:21+08:00 ] /xxx/index.php/ | NOTIC: [8192] preg_replace(): The /e modifier is deprecated, use preg_replace_callback instead ThinkTemplate.class.php 第 406 行.
[ 2015-02-11T07:56:21+08:00 ] /xxx/index.php/ | NOTIC: [8192] preg_replace(): The /e modifier is deprecated, use preg_replace_callback instead ThinkTemplate.class.php 第 406 行.
[ 2015-02-11T07:56:21+08:00 ] /xxx/index.php/ | NOTIC: [8192] preg_replace(): The /e modifier is deprecated, use preg_replace_callback instead ThinkTemplate.class.php 第 406 行.
[ 2015-02-11T07:56:21+08:00 ] /xxx/index.php/ | NOTIC: [8192] preg_replace(): The /e modifier is deprecated, use preg_replace_callback instead ThinkTemplate.class.php 第 406 行.
[ 2015-02-11T07:56:21+08:00 ] /xxx/index.php/ | NOTIC: [8192] preg_replace(): The /e modifier is deprecated, use preg_replace_callback instead ThinkTemplate.class.php 第 406 行.
[ 2015-02-11T07:56:21+08:00 ] /xxx/index.php/ | NOTIC: [8192] preg_replace(): The /e modifier is deprecated, use preg_replace_callback instead ThinkTemplate.class.php 第 406 行.
[ 2015-02-11T07:56:21+08:00 ] /xxx/index.php/ | NOTIC: [8192] preg_replace(): The /e modifier is deprecated, use preg_replace_callback instead ThinkTemplate.class.php 第 406 行.
[ 2015-02-11T07:56:21+08:00 ] /xxx/index.php/ | NOTIC: [8192] preg_replace(): The /e modifier is deprecated, use preg_replace_callback instead ThinkTemplate.class.php 第 406 行.
[ 2015-02-11T07:56:21+08:00 ] /xxx/index.php/ | NOTIC: [8192] preg_replace(): The /e modifier is deprecated, use preg_replace_callback instead ThinkTemplate.class.php 第 406 行.
[ 2015-02-11T07:56:21+08:00 ] /xxx/index.php/ | NOTIC: [8192] preg_replace(): The /e modifier is deprecated, use preg_replace_callback instead ThinkTemplate.class.php 第 406 行.
[ 2015-02-11T07:56:21+08:00 ] /xxx/index.php/ | NOTIC: [8192] preg_replace(): The /e modifier is deprecated, use preg_replace_callback instead ThinkTemplate.class.php 第 406 行.
[ 2015-02-11T07:56:21+08:00 ] /xxx/index.php/ | NOTIC: [8192] preg_replace(): The /e modifier is deprecated, use preg_replace_callback instead ThinkTemplate.class.php 第 406 行.
[ 2015-02-11T07:56:21+08:00 ] /xxx/index.php/ | NOTIC: [8192] preg_replace(): The /e modifier is deprecated, use preg_replace_callback instead ThinkTemplate.class.php 第 406 行.
[ 2015-02-11T07:56:21+08:00 ] /xxx/index.php/ | NOTIC: [8192] preg_replace(): The /e modifier is deprecated, use preg_replace_callback instead ThinkTemplate.class.php 第 406 行.
[ 2015-02-11T07:56:21+08:00 ] /xxx/index.php/ | NOTIC: [8192] preg_replace(): The /e modifier is deprecated, use preg_replace_callback instead ThinkTemplate.class.php 第 406 行.
[ 2015-02-11T07:56:21+08:00 ] /xxx/index.php/ | NOTIC: [8192] preg_replace(): The /e modifier is deprecated, use preg_replace_callback instead ThinkTemplate.class.php 第 406 行.
[ 2015-02-11T07:56:21+08:00 ] /xxx/index.php/ | NOTIC: [8192] preg_replace(): The /e modifier is deprecated, use preg_replace_callback instead ThinkTemplate.class.php 第 406 行.
[ 2015-02-11T07:56:21+08:00 ] /xxx/index.php/ | NOTIC: [8192] preg_replace(): The /e modifier is deprecated, use preg_replace_callback instead ThinkTemplate.class.php 第 406 行.
[ 2015-02-11T07:56:21+08:00 ] /xxx/index.php/ | NOTIC: [8192] preg_replace(): The /e modifier is deprecated, use preg_replace_callback instead ThinkTemplate.class.php 第 406 行.
[ 2015-02-11T07:56:21+08:00 ] /xxx/index.php/ | NOTIC: [8192] preg_replace(): The /e modifier is deprecated, use preg_replace_callback instead ThinkTemplate.class.php 第 406 行.
[ 2015-02-11T07:56:21+08:00 ] /xxx/index.php/ | NOTIC: [8192] preg_replace(): The /e modifier is deprecated, use preg_replace_callback instead ThinkTemplate.class.php 第 406 行.
[ 2015-02-11T07:56:21+08:00 ] /xxx/index.php/ | NOTIC: [8192] preg_replace(): The /e modifier is deprecated, use preg_replace_callback instead ThinkTemplate.class.php 第 406 行.
[ 2015-02-11T07:56:21+08:00 ] /xxx/index.php/ | NOTIC: [8192] preg_replace(): The /e modifier is deprecated, use preg_replace_callback instead ThinkTemplate.class.php 第 406 行.
[ 2015-02-11T07:56:21+08:00 ] /xxx/index.php/ | NOTIC: [8192] preg_replace(): The /e modifier is deprecated, use preg_replace_callback instead ThinkTemplate.class.php 第 406 行.
[ 2015-02-11T07:56:21+08:00 ] /xxx/index.php/ | NOTIC: [8192] preg_replace(): The /e modifier is deprecated, use preg_replace_callback instead ThinkTemplate.class.php 第 406 行.
[ 2015-02-11T07:56:21+08:00 ] /xxx/index.php/ | NOTIC: [8192] preg_replace(): The /e modifier is deprecated, use preg_replace_callback instead ThinkTemplate.class.php 第 406 行.
[ 2015-02-11T07:56:21+08:00 ] /xxx/index.php/ | NOTIC: [8192] preg_replace(): The /e modifier is deprecated, use preg_replace_callback instead ThinkTemplate.class.php 第 406 行.
[ 2015-02-11T07:56:21+08:00 ] /xxx/index.php/ | NOTIC: [8192] preg_replace(): The /e modifier is deprecated, use preg_replace_callback instead ThinkTemplate.class.php 第 406 行.
[ 2015-02-11T07:56:21+08:00 ] /xxx/index.php/ | NOTIC: [8192] preg_replace(): The /e modifier is deprecated, use preg_replace_callback instead ThinkTemplate.class.php 第 406 行.
[ 2015-02-11T07:56:21+08:00 ] /xxx/index.php/ | NOTIC: [8192] preg_replace(): The /e modifier is deprecated, use preg_replace_callback instead ThinkTemplate.class.php 第 406 行.
[ 2015-02-11T07:56:21+08:00 ] /xxx/index.php/ | NOTIC: [8192] preg_replace(): The /e modifier is deprecated, use preg_replace_callback instead ThinkTemplate.class.php 第 406 行.
[ 2015-02-11T07:56:21+08:00 ] /xxx/index.php/ | NOTIC: [8192] preg_replace(): The /e modifier is deprecated, use preg_replace_callback instead ThinkTemplate.class.php 第 406 行.
[ 2015-02-11T07:56:21+08:00 ] /xxx/index.php/ | NOTIC: [8192] preg_replace(): The /e modifier is deprecated, use preg_replace_callback instead ThinkTemplate.class.php 第 406 行.
[ 2015-02-11T07:56:21+08:00 ] /xxx/index.php/ | NOTIC: [8192] preg_replace(): The /e modifier is deprecated, use preg_replace_callback instead ThinkTemplate.class.php 第 406 行.
[ 2015-02-11T07:56:21+08:00 ] /xxx/index.php/ | NOTIC: [8192] preg_replace(): The /e modifier is deprecated, use preg_replace_callback instead ThinkTemplate.class.php 第 406 行.
[ 2015-02-11T07:56:21+08:00 ] /xxx/index.php/ | NOTIC: [8192] preg_replace(): The /e modifier is deprecated, use preg_replace_callback instead ThinkTemplate.class.php 第 406 行.
[ 2015-02-11T07:56:21+08:00 ] /xxx/index.php/ | NOTIC: [8192] preg_replace(): The /e modifier is deprecated, use preg_replace_callback instead ThinkTemplate.class.php 第 406 行.
[ 2015-02-11T07:56:21+08:00 ] /xxx/index.php/ | NOTIC: [8192] preg_replace(): The /e modifier is deprecated, use preg_replace_callback instead ThinkTemplate.class.php 第 406 行.
[ 2015-02-11T07:56:21+08:00 ] /xxx/index.php/ | NOTIC: [8192] preg_replace(): The /e modifier is deprecated, use preg_replace_callback instead ThinkTemplate.class.php 第 406 行.
[ 2015-02-11T07:56:21+08:00 ] /xxx/index.php/ | NOTIC: [8192] preg_replace(): The /e modifier is deprecated, use preg_replace_callback instead ThinkTemplate.class.php 第 406 行.
[ 2015-02-11T07:56:21+08:00 ] /xxx/index.php/ | NOTIC: [8192] preg_replace(): The /e modifier is deprecated, use preg_replace_callback instead ThinkTemplate.class.php 第 406 行.
[ 2015-02-11T07:56:21+08:00 ] /xxx/index.php/ | NOTIC: [8192] preg_replace(): The /e modifier is deprecated, use preg_replace_callback instead ThinkTemplate.class.php 第 406 行.
[ 2015-02-11T07:56:21+08:00 ] /xxx/index.php/ | NOTIC: [8192] preg_replace(): The /e modifier is deprecated, use preg_replace_callback instead ThinkTemplate.class.php 第 406 行.
[ 2015-02-11T07:56:21+08:00 ] /xxx/index.php/ | NOTIC: [8192] preg_replace(): The /e modifier is deprecated, use preg_replace_callback instead ThinkTemplate.class.php 第 406 行.
[ 2015-02-11T07:56:21+08:00 ] /xxx/index.php/ | NOTIC: [8192] preg_replace(): The /e modifier is deprecated, use preg_replace_callback instead ThinkTemplate.class.php 第 406 行.
[ 2015-02-11T07:56:21+08:00 ] /xxx/index.php/ | NOTIC: [8192] preg_replace(): The /e modifier is deprecated, use preg_replace_callback instead ThinkTemplate.class.php 第 406 行.
[ 2015-02-11T07:56:21+08:00 ] /xxx/index.php/ | NOTIC: [8192] preg_replace(): The /e modifier is deprecated, use preg_replace_callback instead ThinkTemplate.class.php 第 406 行.
[ 2015-02-11T07:56:21+08:00 ] /xxx/index.php/ | NOTIC: [8192] preg_replace(): The /e modifier is deprecated, use preg_replace_callback instead ThinkTemplate.class.php 第 406 行.
[ 2015-02-11T07:56:21+08:00 ] /xxx/index.php/ | NOTIC: [8192] preg_replace(): The /e modifier is deprecated, use preg_replace_callback instead ThinkTemplate.class.php 第 406 行.
[ 2015-02-11T07:56:21+08:00 ] /xxx/index.php/ | NOTIC: [8192] preg_replace(): The /e modifier is deprecated, use preg_replace_callback instead ThinkTemplate.class.php 第 406 行.
[ 2015-02-11T07:56:21+08:00 ] /xxx/index.php/ | NOTIC: [8192] preg_replace(): The /e modifier is deprecated, use preg_replace_callback instead ThinkTemplate.class.php 第 406 行.
[ 2015-02-11T07:56:21+08:00 ] /xxx/index.php/ | NOTIC: [8192] preg_replace(): The /e modifier is deprecated, use preg_replace_callback instead ThinkTemplate.class.php 第 406 行.
[ 2015-02-11T07:56:21+08:00 ] /xxx/index.php/ | NOTIC: [8192] preg_replace(): The /e modifier is deprecated, use preg_replace_callback instead ThinkTemplate.class.php 第 406 行.
[ 2015-02-11T07:56:21+08:00 ] /xxx/index.php/ | NOTIC: [8192] preg_replace(): The /e modifier is deprecated, use preg_replace_callback instead ThinkTemplate.class.php 第 406 行.
[ 2015-02-11T07:56:21+08:00 ] /xxx/index.php/ | NOTIC: [8192] preg_replace(): The /e modifier is deprecated, use preg_replace_callback instead ThinkTemplate.class.php 第 406 行.
[ 2015-02-11T07:56:21+08:00 ] /xxx/index.php/ | NOTIC: [8192] preg_replace(): The /e modifier is deprecated, use preg_replace_callback instead ThinkTemplate.class.php 第 406 行.
[ 2015-02-11T07:56:21+08:00 ] /xxx/index.php/ | NOTIC: [8192] preg_replace(): The /e modifier is deprecated, use preg_replace_callback instead ThinkTemplate.class.php 第 406 行.
[ 2015-02-11T07:56:21+08:00 ] /xxx/index.php/ | NOTIC: [8192] preg_replace(): The /e modifier is deprecated, use preg_replace_callback instead ThinkTemplate.class.php 第 406 行.
[ 2015-02-11T07:56:21+08:00 ] /xxx/index.php/ | NOTIC: [8192] preg_replace(): The /e modifier is deprecated, use preg_replace_callback instead ThinkTemplate.class.php 第 406 行.
[ 2015-02-11T07:56:21+08:00 ] /xxx/index.php/ | NOTIC: [8192] preg_replace(): The /e modifier is deprecated, use preg_replace_callback instead ThinkTemplate.class.php 第 402 行.
[ 2015-02-11T07:56:21+08:00 ] /xxx/index.php/ | NOTIC: [8192] preg_replace(): The /e modifier is deprecated, use preg_replace_callback instead ThinkTemplate.class.php 第 402 行.
[ 2015-02-11T07:56:21+08:00 ] /xxx/index.php/ | NOTIC: [8192] preg_replace(): The /e modifier is deprecated, use preg_replace_callback instead ThinkTemplate.class.php 第 402 行.
[ 2015-02-11T07:56:21+08:00 ] /xxx/index.php/ | NOTIC: [8192] preg_replace(): The /e modifier is deprecated, use preg_replace_callback instead ThinkTemplate.class.php 第 402 行.
[ 2015-02-11T07:56:21+08:00 ] /xxx/index.php/ | NOTIC: [8192] preg_replace(): The /e modifier is deprecated, use preg_replace_callback instead ThinkTemplate.class.php 第 402 行.
[ 2015-02-11T07:56:21+08:00 ] /xxx/index.php/ | NOTIC: [8192] preg_replace(): The /e modifier is deprecated, use preg_replace_callback instead ThinkTemplate.class.php 第 402 行.
[ 2015-02-11T07:56:21+08:00 ] /xxx/index.php/ | NOTIC: [8192] preg_replace(): The /e modifier is deprecated, use preg_replace_callback instead ThinkTemplate.class.php 第 406 行.
[ 2015-02-11T07:56:21+08:00 ] /xxx/index.php/ | NOTIC: [8192] preg_replace(): The /e modifier is deprecated, use preg_replace_callback instead ThinkTemplate.class.php 第 406 行.
[ 2015-02-11T07:56:21+08:00 ] /xxx/index.php/ | NOTIC: [8192] preg_replace(): The /e modifier is deprecated, use preg_replace_callback instead ThinkTemplate.class.php 第 406 行.
[ 2015-02-11T07:56:21+08:00 ] /xxx/index.php/ | NOTIC: [8192] preg_replace(): The /e modifier is deprecated, use preg_replace_callback instead ThinkTemplate.class.php 第 220 行.
[ 2015-02-11T07:56:21+08:00 ] /xxx/index.php/ | NOTIC: [8192] preg_replace(): The /e modifier is deprecated, use preg_replace_callback instead ThinkTemplate.class.php 第 406 行.
[ 2015-02-11T07:56:21+08:00 ] /xxx/index.php/ | NOTIC: [8192] preg_replace(): The /e modifier is deprecated, use preg_replace_callback instead ThinkTemplate.class.php 第 406 行.
[ 2015-02-11T07:56:21+08:00 ] /xxx/index.php/ | NOTIC: [8192] preg_replace(): The /e modifier is deprecated, use preg_replace_callback instead ThinkTemplate.class.php 第 406 行.
[ 2015-02-11T07:56:21+08:00 ] /xxx/index.php/ | NOTIC: [8192] preg_replace(): The /e modifier is deprecated, use preg_replace_callback instead ThinkTemplate.class.php 第 406 行.
[ 2015-02-11T07:56:21+08:00 ] /xxx/index.php/ | NOTIC: [8192] preg_replace(): The /e modifier is deprecated, use preg_replace_callback instead ThinkTemplate.class.php 第 406 行.
[ 2015-02-11T07:56:21+08:00 ] /xxx/index.php/ | NOTIC: [8192] preg_replace(): The /e modifier is deprecated, use preg_replace_callback instead ThinkTemplate.class.php 第 406 行.
[ 2015-02-11T07:56:21+08:00 ] /xxx/index.php/ | NOTIC: [8192] preg_replace(): The /e modifier is deprecated, use preg_replace_callback instead ThinkTemplate.class.php 第 406 行.
[ 2015-02-11T07:56:21+08:00 ] /xxx/index.php/ | NOTIC: [8192] preg_replace(): The /e modifier is deprecated, use preg_replace_callback instead ThinkTemplate.class.php 第 402 行.
[ 2015-02-11T07:56:21+08:00 ] /xxx/index.php/ | NOTIC: [8192] preg_replace(): The /e modifier is deprecated, use preg_replace_callback instead ThinkTemplate.class.php 第 402 行.
[ 2015-02-11T07:56:21+08:00 ] /xxx/index.php/ | NOTIC: [8192] preg_replace(): The /e modifier is deprecated, use preg_replace_callback instead ThinkTemplate.class.php 第 406 行.
[ 2015-02-11T07:56:21+08:00 ] /xxx/index.php/ | NOTIC: [8192] preg_replace(): The /e modifier is deprecated, use preg_replace_callback instead ThinkTemplate.class.php 第 406 行.
[ 2015-02-11T07:56:21+08:00 ] /xxx/index.php/ | NOTIC: [8192] preg_replace(): The /e modifier is deprecated, use preg_replace_callback instead ThinkTemplate.class.php 第 406 行.
[ 2015-02-11T07:56:21+08:00 ] /xxx/index.php/ | NOTIC: [8192] preg_replace(): The /e modifier is deprecated, use preg_replace_callback instead ThinkTemplate.class.php 第 402 行.
[ 2015-02-11T07:56:21+08:00 ] /xxx/index.php/ | NOTIC: [8192] preg_replace(): The /e modifier is deprecated, use preg_replace_callback instead ThinkTemplate.class.php 第 406 行.
[ 2015-02-11T07:56:21+08:00 ] /xxx/index.php/ | NOTIC: [8192] preg_replace(): The /e modifier is deprecated, use preg_replace_callback instead ThinkTemplate.class.php 第 406 行.
[ 2015-02-11T07:56:21+08:00 ] /xxx/index.php/ | NOTIC: [8192] preg_replace(): The /e modifier is deprecated, use preg_replace_callback instead ThinkTemplate.class.php 第 406 行.
[ 2015-02-11T07:56:21+08:00 ] /xxx/index.php/ | NOTIC: [8192] preg_replace(): The /e modifier is deprecated, use preg_replace_callback instead ThinkTemplate.class.php 第 406 行.
[ 2015-02-11T07:56:21+08:00 ] /xxx/index.php/ | NOTIC: [8192] preg_replace(): The /e modifier is deprecated, use preg_replace_callback instead ThinkTemplate.class.php 第 406 行.
[ 2015-02-11T07:56:21+08:00 ] /xxx/index.php/ | NOTIC: [8192] preg_replace(): The /e modifier is deprecated, use preg_replace_callback instead ThinkTemplate.class.php 第 406 行.
[ 2015-02-11T07:56:21+08:00 ] /xxx/index.php/ | NOTIC: [8192] preg_replace(): The /e modifier is deprecated, use preg_replace_callback instead ThinkTemplate.class.php 第 406 行.
[ 2015-02-11T07:56:21+08:00 ] /xxx/index.php/ | NOTIC: [8192] preg_replace(): The /e modifier is deprecated, use preg_replace_callback instead ThinkTemplate.class.php 第 406 行.
[ 2015-02-11T07:56:21+08:00 ] /xxx/index.php/ | NOTIC: [8192] preg_replace(): The /e modifier is deprecated, use preg_replace_callback instead ThinkTemplate.class.php 第 406 行.
[ 2015-02-11T07:56:21+08:00 ] /xxx/index.php/ | NOTIC: [8192] preg_replace(): The /e modifier is deprecated, use preg_replace_callback instead ThinkTemplate.class.php 第 406 行.
[ 2015-02-11T07:56:21+08:00 ] /xxx/index.php/ | NOTIC: [8192] preg_replace(): The /e modifier is deprecated, use preg_replace_callback instead ThinkTemplate.class.php 第 406 行.
[ 2015-02-11T07:56:21+08:00 ] /xxx/index.php/ | NOTIC: [8192] preg_replace(): The /e modifier is deprecated, use preg_replace_callback instead ThinkTemplate.class.php 第 406 行.
[ 2015-02-11T07:56:21+08:00 ] /xxx/index.php/ | NOTIC: [8192] preg_replace(): The /e modifier is deprecated, use preg_replace_callback instead ThinkTemplate.class.php 第 406 行.
[ 2015-02-11T07:56:21+08:00 ] /xxx/index.php/ | NOTIC: [8192] preg_replace(): The /e modifier is deprecated, use preg_replace_callback instead ThinkTemplate.class.php 第 406 行.
[ 2015-02-11T07:56:21+08:00 ] /xxx/index.php/ | NOTIC: [8192] preg_replace(): The /e modifier is deprecated, use preg_replace_callback instead ThinkTemplate.class.php 第 406 行.
[ 2015-02-11T07:56:21+08:00 ] /xxx/index.php/ | NOTIC: [8192] preg_replace(): The /e modifier is deprecated, use preg_replace_callback instead ThinkTemplate.class.php 第 406 行.
[ 2015-02-11T07:56:21+08:00 ] /xxx/index.php/ | NOTIC: [8192] preg_replace(): The /e modifier is deprecated, use preg_replace_callback instead ThinkTemplate.class.php 第 406 行.
[ 2015-02-11T07:56:21+08:00 ] /xxx/index.php/ | NOTIC: [8192] preg_replace(): The /e modifier is deprecated, use preg_replace_callback instead ThinkTemplate.class.php 第 406 行.
[ 2015-02-11T07:56:21+08:00 ] /xxx/index.php/ | NOTIC: [8192] preg_replace(): The /e modifier is deprecated, use preg_replace_callback instead ThinkTemplate.class.php 第 406 行.
[ 2015-02-11T07:56:21+08:00 ] /xxx/index.php/ | NOTIC: [8192] preg_replace(): The /e modifier is deprecated, use preg_replace_callback instead ThinkTemplate.class.php 第 406 行.
[ 2015-02-11T07:56:21+08:00 ] /xxx/index.php/ | NOTIC: [8192] preg_replace(): The /e modifier is deprecated, use preg_replace_callback instead ThinkTemplate.class.php 第 406 行.
[ 2015-02-11T07:56:21+08:00 ] /xxx/index.php/ | NOTIC: [8192] preg_replace(): The /e modifier is deprecated, use preg_replace_callback instead ThinkTemplate.class.php 第 406 行.
[ 2015-02-11T07:56:21+08:00 ] /xxx/index.php/ | NOTIC: [8192] preg_replace(): The /e modifier is deprecated, use preg_replace_callback instead ThinkTemplate.class.php 第 406 行.
[ 2015-02-11T07:56:21+08:00 ] /xxx/index.php/ | NOTIC: [8192] preg_replace(): The /e modifier is deprecated, use preg_replace_callback instead ThinkTemplate.class.php 第 406 行.
[ 2015-02-11T07:56:21+08:00 ] /xxx/index.php/ | NOTIC: [8192] preg_replace(): The /e modifier is deprecated, use preg_replace_callback instead ThinkTemplate.class.php 第 406 行.
[ 2015-02-11T07:56:21+08:00 ] /xxx/index.php/ | NOTIC: [8192] preg_replace(): The /e modifier is deprecated, use preg_replace_callback instead ThinkTemplate.class.php 第 406 行.
[ 2015-02-11T07:56:21+08:00 ] /xxx/index.php/ | NOTIC: [8192] preg_replace(): The /e modifier is deprecated, use preg_replace_callback instead ThinkTemplate.class.php 第 406 行.
[ 2015-02-11T07:56:21+08:00 ] /xxx/index.php/ | NOTIC: [8192] preg_replace(): The /e modifier is deprecated, use preg_replace_callback instead ThinkTemplate.class.php 第 406 行.
[ 2015-02-11T07:56:21+08:00 ] /xxx/index.php/ | NOTIC: [8192] preg_replace(): The /e modifier is deprecated, use preg_replace_callback instead ThinkTemplate.class.php 第 406 行.
[ 2015-02-11T07:56:21+08:00 ] /xxx/index.php/ | NOTIC: [8192] preg_replace(): The /e modifier is deprecated, use preg_replace_callback instead ThinkTemplate.class.php 第 406 行.
[ 2015-02-11T07:56:21+08:00 ] /xxx/index.php/ | NOTIC: [8192] preg_replace(): The /e modifier is deprecated, use preg_replace_callback instead ThinkTemplate.class.php 第 406 行.
[ 2015-02-11T07:56:21+08:00 ] /xxx/index.php/ | NOTIC: [8192] preg_replace(): The /e modifier is deprecated, use preg_replace_callback instead ThinkTemplate.class.php 第 406 行.
[ 2015-02-11T07:56:21+08:00 ] /xxx/index.php/ | NOTIC: [8192] preg_replace(): The /e modifier is deprecated, use preg_replace_callback instead ThinkTemplate.class.php 第 406 行.
[ 2015-02-11T07:56:21+08:00 ] /xxx/index.php/ | NOTIC: [8192] preg_replace(): The /e modifier is deprecated, use preg_replace_callback instead ThinkTemplate.class.php 第 406 行.
[ 2015-02-11T07:56:21+08:00 ] /xxx/index.php/ | NOTIC: [8192] preg_replace(): The /e modifier is deprecated, use preg_replace_callback instead ThinkTemplate.class.php 第 406 行.
[ 2015-02-11T07:56:21+08:00 ] /xxx/index.php/ | NOTIC: [8192] preg_replace(): The /e modifier is deprecated, use preg_replace_callback instead ThinkTemplate.class.php 第 406 行.
[ 2015-02-11T07:56:21+08:00 ] /xxx/index.php/ | NOTIC: [8192] preg_replace(): The /e modifier is deprecated, use preg_replace_callback instead ThinkTemplate.class.php 第 406 行.
[ 2015-02-11T07:56:21+08:00 ] /xxx/index.php/ | NOTIC: [8192] preg_replace(): The /e modifier is deprecated, use preg_replace_callback instead ThinkTemplate.class.php 第 406 行.
[ 2015-02-11T07:56:21+08:00 ] /xxx/index.php/ | NOTIC: [8192] preg_replace(): The /e modifier is deprecated, use preg_replace_callback instead ThinkTemplate.class.php 第 406 行.
[ 2015-02-11T07:56:21+08:00 ] /xxx/index.php/ | NOTIC: [8192] preg_replace(): The /e modifier is deprecated, use preg_replace_callback instead ThinkTemplate.class.php 第 406 行.
[ 2015-02-11T07:56:21+08:00 ] /xxx/index.php/ | NOTIC: [8192] preg_replace(): The /e modifier is deprecated, use preg_replace_callback instead ThinkTemplate.class.php 第 406 行.
[ 2015-02-11T07:56:21+08:00 ] /xxx/index.php/ | NOTIC: [8192] preg_replace(): The /e modifier is deprecated, use preg_replace_callback instead ThinkTemplate.class.php 第 406 行.
[ 2015-02-11T07:56:21+08:00 ] /xxx/index.php/ | NOTIC: [8192] preg_replace(): The /e modifier is deprecated, use preg_replace_callback instead ThinkTemplate.class.php 第 406 行.
[ 2015-02-11T07:56:21+08:00 ] /xxx/index.php/ | NOTIC: [8192] preg_replace(): The /e modifier is deprecated, use preg_replace_callback instead ThinkTemplate.class.php 第 406 行.
[ 2015-02-11T07:56:21+08:00 ] /xxx/index.php/ | NOTIC: [8192] preg_replace(): The /e modifier is deprecated, use preg_replace_callback instead ThinkTemplate.class.php 第 406 行.
[ 2015-02-11T07:56:21+08:00 ] /xxx/index.php/ | NOTIC: [8192] preg_replace(): The /e modifier is deprecated, use preg_replace_callback instead ThinkTemplate.class.php 第 406 行.
[ 2015-02-11T07:56:21+08:00 ] /xxx/index.php/ | NOTIC: [8192] preg_replace(): The /e modifier is deprecated, use preg_replace_callback instead ThinkTemplate.class.php 第 406 行.
[ 2015-02-11T07:56:21+08:00 ] /xxx/index.php/ | NOTIC: [8192] preg_replace(): The /e modifier is deprecated, use preg_replace_callback instead ThinkTemplate.class.php 第 406 行.
[ 2015-02-11T07:56:21+08:00 ] /xxx/index.php/ | NOTIC: [8192] preg_replace(): The /e modifier is deprecated, use preg_replace_callback instead ThinkTemplate.class.php 第 406 行.
[ 2015-02-11T07:56:21+08:00 ] /xxx/index.php/ | NOTIC: [8192] preg_replace(): The /e modifier is deprecated, use preg_replace_callback instead ThinkTemplate.class.php 第 406 行.
[ 2015-02-11T07:56:21+08:00 ] /xxx/index.php/ | NOTIC: [8192] preg_replace(): The /e modifier is deprecated, use preg_replace_callback instead ThinkTemplate.class.php 第 406 行.
[ 2015-02-11T07:56:21+08:00 ] /xxx/index.php/ | NOTIC: [8192] preg_replace(): The /e modifier is deprecated, use preg_replace_callback instead ThinkTemplate.class.php 第 406 行.
[ 2015-02-11T07:56:21+08:00 ] /xxx/index.php/ | NOTIC: [8192] preg_replace(): The /e modifier is deprecated, use preg_replace_callback instead ThinkTemplate.class.php 第 406 行.
[ 2015-02-11T07:56:21+08:00 ] /xxx/index.php/ | NOTIC: [8192] preg_replace(): The /e modifier is deprecated, use preg_replace_callback instead ThinkTemplate.class.php 第 406 行.
[ 2015-02-11T07:56:21+08:00 ] /xxx/index.php/ | NOTIC: [8192] preg_replace(): The /e modifier is deprecated, use preg_replace_callback instead ThinkTemplate.class.php 第 406 行.
[ 2015-02-11T07:56:21+08:00 ] /xxx/index.php/ | NOTIC: [8192] preg_replace(): The /e modifier is deprecated, use preg_replace_callback instead ThinkTemplate.class.php 第 406 行.
[ 2015-02-11T07:56:21+08:00 ] /xxx/index.php/ | NOTIC: [8192] preg_replace(): The /e modifier is deprecated, use preg_replace_callback instead ThinkTemplate.class.php 第 406 行.
[ 2015-02-11T07:56:21+08:00 ] /xxx/index.php/ | NOTIC: [8192] preg_replace(): The /e modifier is deprecated, use preg_replace_callback instead ThinkTemplate.class.php 第 406 行.
[ 2015-02-11T07:56:21+08:00 ] /xxx/index.php/ | NOTIC: [8192] preg_replace(): The /e modifier is deprecated, use preg_replace_callback instead ThinkTemplate.class.php 第 406 行.
[ 2015-02-11T07:56:21+08:00 ] /xxx/index.php/ | NOTIC: [8192] preg_replace(): The /e modifier is deprecated, use preg_replace_callback instead ThinkTemplate.class.php 第 406 行.
[ 2015-02-11T07:56:21+08:00 ] /xxx/index.php/ | NOTIC: [8192] preg_replace(): The /e modifier is deprecated, use preg_replace_callback instead ThinkTemplate.class.php 第 406 行.
[ 2015-02-11T07:56:21+08:00 ] /xxx/index.php/ | NOTIC: [8192] preg_replace(): The /e modifier is deprecated, use preg_replace_callback instead ThinkTemplate.class.php 第 406 行.
[ 2015-02-11T07:56:21+08:00 ] /xxx/index.php/ | NOTIC: [8192] preg_replace(): The /e modifier is deprecated, use preg_replace_callback instead ThinkTemplate.class.php 第 406 行.
[ 2015-02-11T07:56:21+08:00 ] /xxx/index.php/ | NOTIC: [8192] preg_replace(): The /e modifier is deprecated, use preg_replace_callback instead ThinkTemplate.class.php 第 406 行.
[ 2015-02-11T07:56:21+08:00 ] /xxx/index.php/ | NOTIC: [8192] preg_replace(): The /e modifier is deprecated, use preg_replace_callback instead ThinkTemplate.class.php 第 406 行.
[ 2015-02-11T07:56:21+08:00 ] /xxx/index.php/ | NOTIC: [8192] preg_replace(): The /e modifier is deprecated, use preg_replace_callback instead ThinkTemplate.class.php 第 406 行.
[ 2015-02-11T07:56:21+08:00 ] /xxx/index.php/ | NOTIC: [8192] preg_replace(): The /e modifier is deprecated, use preg_replace_callback instead ThinkTemplate.class.php 第 402 行.
[ 2015-02-11T07:56:21+08:00 ] /xxx/index.php/ | NOTIC: [8192] preg_replace(): The /e modifier is deprecated, use preg_replace_callback instead ThinkTemplate.class.php 第 402 行.
[ 2015-02-11T07:56:21+08:00 ] /xxx/index.php/ | NOTIC: [8192] preg_replace(): The /e modifier is deprecated, use preg_replace_callback instead ThinkTemplate.class.php 第 402 行.
[ 2015-02-11T07:56:21+08:00 ] /xxx/index.php/ | NOTIC: [8192] preg_replace(): The /e modifier is deprecated, use preg_replace_callback instead ThinkTemplate.class.php 第 402 行.
[ 2015-02-11T07:56:21+08:00 ] /xxx/index.php/ | NOTIC: [8192] preg_replace(): The /e modifier is deprecated, use preg_replace_callback instead ThinkTemplate.class.php 第 402 行.
[ 2015-02-11T07:56:21+08:00 ] /xxx/index.php/ | NOTIC: [8192] preg_replace(): The /e modifier is deprecated, use preg_replace_callback instead ThinkTemplate.class.php 第 402 行.
[ 2015-02-11T07:56:21+08:00 ] /xxx/index.php/ | NOTIC: [8192] preg_replace(): The /e modifier is deprecated, use preg_replace_callback instead ThinkTemplate.class.php 第 406 行.
[ 2015-02-11T07:56:21+08:00 ] /xxx/index.php/ | NOTIC: [8192] preg_replace(): The /e modifier is deprecated, use preg_replace_callback instead ThinkTemplate.class.php 第 406 行.
[ 2015-02-11T07:56:21+08:00 ] /xxx/index.php/ | NOTIC: [8192] preg_replace(): The /e modifier is deprecated, use preg_replace_callback instead ThinkTemplate.class.php 第 406 行.
[ 2015-02-11T07:56:21+08:00 ] /xxx/index.php/ | NOTIC: [8192] preg_replace(): The /e modifier is deprecated, use preg_replace_callback instead ThinkTemplate.class.php 第 220 行.
[ 2015-02-11T07:56:21+08:00 ] /xxx/index.php/ | NOTIC: [8192] preg_replace(): The /e modifier is deprecated, use preg_replace_callback instead ThinkTemplate.class.php 第 154 行.
[ 2015-02-11T07:56:21+08:00 ] /xxx/index.php/ | INFO: Run ParseTemplate Behavior [ RunTime:0.021396s ]
[ 2015-02-11T07:56:21+08:00 ] /xxx/index.php/ | INFO: Tag[ view_parse ] --END-- [ RunTime:0.021521s ]
[ 2015-02-11T07:56:21+08:00 ] /xxx/index.php/ | INFO: Tag[ view_filter ] --START--
[ 2015-02-11T07:56:21+08:00 ] /xxx/index.php/ | INFO: Run ContentReplace Behavior [ RunTime:0.001099s ]
[ 2015-02-11T07:56:21+08:00 ] /xxx/index.php/ | INFO: Run TokenBuild Behavior [ RunTime:0.001206s ]
[ 2015-02-11T07:56:21+08:00 ] /xxx/index.php/ | INFO: Run WriteHtmlCache Behavior [ RunTime:0.000916s ]
[ 2015-02-11T07:56:21+08:00 ] /xxx/index.php/ | INFO: Run ShowRuntime Behavior [ RunTime:0.001293s ]
[ 2015-02-11T07:56:21+08:00 ] /xxx/index.php/ | INFO: Tag[ view_filter ] --END-- [ RunTime:0.004843s ]
[ 2015-02-11T07:56:21+08:00 ] /xxx/index.php/ | INFO: Tag[ view_end ] --START--
[ 2015-02-11T07:56:21+08:00 ] /xxx/index.php/ | INFO: Run ShowPageTrace Behavior [ RunTime:0.001169s ]
[ 2015-02-11T07:56:21+08:00 ] /xxx/index.php/ | INFO: Tag[ view_end ] --END-- [ RunTime:0.001271s ]
[ 2015-02-11T12:08:30+08:00 ] /xxx/index.php/ | INFO: Tag[ route_check ] --START--
[ 2015-02-11T12:08:30+08:00 ] /xxx/index.php/ | INFO: Run CheckRoute Behavior [ RunTime:0.001731s ]
[ 2015-02-11T12:08:30+08:00 ] /xxx/index.php/ | INFO: Tag[ route_check ] --END-- [ RunTime:0.001875s ]
[ 2015-02-11T12:08:30+08:00 ] /xxx/index.php/ | INFO: Tag[ app_begin ] --START--
[ 2015-02-11T12:08:30+08:00 ] /xxx/index.php/ | INFO: Run ReadHtmlCache Behavior [ RunTime:0.001551s ]
[ 2015-02-11T12:08:30+08:00 ] /xxx/index.php/ | INFO: Tag[ app_begin ] --END-- [ RunTime:0.001655s ]
[ 2015-02-11T12:08:30+08:00 ] /xxx/index.php/ | NOTIC: [8192] mysql_connect(): The mysql extension is deprecated and will be removed in the future: use mysqli or PDO instead DbMysql.class.php 第 67 行.
[ 2015-02-11T12:08:30+08:00 ] /xxx/index.php/ | SQL: SHOW COLUMNS FROM `think_article` [ RunTime:0.004923s ]
[ 2015-02-11T12:08:30+08:00 ] /xxx/index.php/ | NOTIC: [8192] preg_replace(): The /e modifier is deprecated, use preg_replace_callback instead Db.class.php 第 660 行.
[ 2015-02-11T12:08:30+08:00 ] /xxx/index.php/ | SQL: SELECT `id`,`subject`,`message`,`createtime` FROM `think_article` ORDER BY id desc  [ RunTime:0.000796s ]
[ 2015-02-11T12:08:30+08:00 ] /xxx/index.php/ | INFO: Tag[ view_template ] --START--
[ 2015-02-11T12:08:30+08:00 ] /xxx/index.php/ | INFO: Run LocationTemplate Behavior [ RunTime:0.001939s ]
[ 2015-02-11T12:08:30+08:00 ] /xxx/index.php/ | INFO: Tag[ view_template ] --END-- [ RunTime:0.002103s ]
[ 2015-02-11T12:08:30+08:00 ] /xxx/index.php/ | INFO: Tag[ view_parse ] --START--
[ 2015-02-11T12:08:30+08:00 ] /xxx/index.php/ | NOTIC: [8192] preg_replace(): The /e modifier is deprecated, use preg_replace_callback instead ThinkTemplate.class.php 第 186 行.
[ 2015-02-11T12:08:30+08:00 ] /xxx/index.php/ | NOTIC: [8192] preg_replace(): The /e modifier is deprecated, use preg_replace_callback instead ThinkTemplate.class.php 第 406 行.
[ 2015-02-11T12:08:30+08:00 ] /xxx/index.php/ | NOTIC: [8192] preg_replace(): The /e modifier is deprecated, use preg_replace_callback instead ThinkTemplate.class.php 第 406 行.
[ 2015-02-11T12:08:30+08:00 ] /xxx/index.php/ | NOTIC: [8192] preg_replace(): The /e modifier is deprecated, use preg_replace_callback instead ThinkTemplate.class.php 第 186 行.
[ 2015-02-11T12:08:30+08:00 ] /xxx/index.php/ | NOTIC: [8192] preg_replace(): The /e modifier is deprecated, use preg_replace_callback instead ThinkTemplate.class.php 第 406 行.
[ 2015-02-11T12:08:30+08:00 ] /xxx/index.php/ | NOTIC: [8192] preg_replace(): The /e modifier is deprecated, use preg_replace_callback instead ThinkTemplate.class.php 第 406 行.
[ 2015-02-11T12:08:30+08:00 ] /xxx/index.php/ | NOTIC: [8192] preg_replace(): The /e modifier is deprecated, use preg_replace_callback instead ThinkTemplate.class.php 第 406 行.
[ 2015-02-11T12:08:30+08:00 ] /xxx/index.php/ | NOTIC: [8192] preg_replace(): The /e modifier is deprecated, use preg_replace_callback instead ThinkTemplate.class.php 第 406 行.
[ 2015-02-11T12:08:30+08:00 ] /xxx/index.php/ | NOTIC: [8192] preg_replace(): The /e modifier is deprecated, use preg_replace_callback instead ThinkTemplate.class.php 第 406 行.
[ 2015-02-11T12:08:30+08:00 ] /xxx/index.php/ | NOTIC: [8192] preg_replace(): The /e modifier is deprecated, use preg_replace_callback instead ThinkTemplate.class.php 第 406 行.
[ 2015-02-11T12:08:30+08:00 ] /xxx/index.php/ | NOTIC: [8192] preg_replace(): The /e modifier is deprecated, use preg_replace_callback instead ThinkTemplate.class.php 第 406 行.
[ 2015-02-11T12:08:30+08:00 ] /xxx/index.php/ | NOTIC: [8192] preg_replace(): The /e modifier is deprecated, use preg_replace_callback instead ThinkTemplate.class.php 第 406 行.
[ 2015-02-11T12:08:30+08:00 ] /xxx/index.php/ | NOTIC: [8192] preg_replace(): The /e modifier is deprecated, use preg_replace_callback instead ThinkTemplate.class.php 第 406 行.
[ 2015-02-11T12:08:30+08:00 ] /xxx/index.php/ | NOTIC: [8192] preg_replace(): The /e modifier is deprecated, use preg_replace_callback instead ThinkTemplate.class.php 第 402 行.
[ 2015-02-11T12:08:30+08:00 ] /xxx/index.php/ | NOTIC: [8192] preg_replace(): The /e modifier is deprecated, use preg_replace_callback instead ThinkTemplate.class.php 第 402 行.
[ 2015-02-11T12:08:30+08:00 ] /xxx/index.php/ | NOTIC: [8192] preg_replace(): The /e modifier is deprecated, use preg_replace_callback instead ThinkTemplate.class.php 第 406 行.
[ 2015-02-11T12:08:30+08:00 ] /xxx/index.php/ | NOTIC: [8192] preg_replace(): The /e modifier is deprecated, use preg_replace_callback instead ThinkTemplate.class.php 第 406 行.
[ 2015-02-11T12:08:30+08:00 ] /xxx/index.php/ | NOTIC: [8192] preg_replace(): The /e modifier is deprecated, use preg_replace_callback instead ThinkTemplate.class.php 第 406 行.
[ 2015-02-11T12:08:30+08:00 ] /xxx/index.php/ | NOTIC: [8192] preg_replace(): The /e modifier is deprecated, use preg_replace_callback instead ThinkTemplate.class.php 第 402 行.
[ 2015-02-11T12:08:30+08:00 ] /xxx/index.php/ | NOTIC: [8192] preg_replace(): The /e modifier is deprecated, use preg_replace_callback instead ThinkTemplate.class.php 第 406 行.
[ 2015-02-11T12:08:30+08:00 ] /xxx/index.php/ | NOTIC: [8192] preg_replace(): The /e modifier is deprecated, use preg_replace_callback instead ThinkTemplate.class.php 第 406 行.
[ 2015-02-11T12:08:30+08:00 ] /xxx/index.php/ | NOTIC: [8192] preg_replace(): The /e modifier is deprecated, use preg_replace_callback instead ThinkTemplate.class.php 第 406 行.
[ 2015-02-11T12:08:30+08:00 ] /xxx/index.php/ | NOTIC: [8192] preg_replace(): The /e modifier is deprecated, use preg_replace_callback instead ThinkTemplate.class.php 第 406 行.
[ 2015-02-11T12:08:30+08:00 ] /xxx/index.php/ | NOTIC: [8192] preg_replace(): The /e modifier is deprecated, use preg_replace_callback instead ThinkTemplate.class.php 第 406 行.
[ 2015-02-11T12:08:30+08:00 ] /xxx/index.php/ | NOTIC: [8192] preg_replace(): The /e modifier is deprecated, use preg_replace_callback instead ThinkTemplate.class.php 第 406 行.
[ 2015-02-11T12:08:30+08:00 ] /xxx/index.php/ | NOTIC: [8192] preg_replace(): The /e modifier is deprecated, use preg_replace_callback instead ThinkTemplate.class.php 第 406 行.
[ 2015-02-11T12:08:30+08:00 ] /xxx/index.php/ | NOTIC: [8192] preg_replace(): The /e modifier is deprecated, use preg_replace_callback instead ThinkTemplate.class.php 第 406 行.
[ 2015-02-11T12:08:30+08:00 ] /xxx/index.php/ | NOTIC: [8192] preg_replace(): The /e modifier is deprecated, use preg_replace_callback instead ThinkTemplate.class.php 第 406 行.
[ 2015-02-11T12:08:30+08:00 ] /xxx/index.php/ | NOTIC: [8192] preg_replace(): The /e modifier is deprecated, use preg_replace_callback instead ThinkTemplate.class.php 第 406 行.
[ 2015-02-11T12:08:30+08:00 ] /xxx/index.php/ | NOTIC: [8192] preg_replace(): The /e modifier is deprecated, use preg_replace_callback instead ThinkTemplate.class.php 第 406 行.
[ 2015-02-11T12:08:30+08:00 ] /xxx/index.php/ | NOTIC: [8192] preg_replace(): The /e modifier is deprecated, use preg_replace_callback instead ThinkTemplate.class.php 第 406 行.
[ 2015-02-11T12:08:30+08:00 ] /xxx/index.php/ | NOTIC: [8192] preg_replace(): The /e modifier is deprecated, use preg_replace_callback instead ThinkTemplate.class.php 第 406 行.
[ 2015-02-11T12:08:30+08:00 ] /xxx/index.php/ | NOTIC: [8192] preg_replace(): The /e modifier is deprecated, use preg_replace_callback instead ThinkTemplate.class.php 第 406 行.
[ 2015-02-11T12:08:30+08:00 ] /xxx/index.php/ | NOTIC: [8192] preg_replace(): The /e modifier is deprecated, use preg_replace_callback instead ThinkTemplate.class.php 第 406 行.
[ 2015-02-11T12:08:30+08:00 ] /xxx/index.php/ | NOTIC: [8192] preg_replace(): The /e modifier is deprecated, use preg_replace_callback instead ThinkTemplate.class.php 第 406 行.
[ 2015-02-11T12:08:30+08:00 ] /xxx/index.php/ | NOTIC: [8192] preg_replace(): The /e modifier is deprecated, use preg_replace_callback instead ThinkTemplate.class.php 第 406 行.
[ 2015-02-11T12:08:30+08:00 ] /xxx/index.php/ | NOTIC: [8192] preg_replace(): The /e modifier is deprecated, use preg_replace_callback instead ThinkTemplate.class.php 第 406 行.
[ 2015-02-11T12:08:30+08:00 ] /xxx/index.php/ | NOTIC: [8192] preg_replace(): The /e modifier is deprecated, use preg_replace_callback instead ThinkTemplate.class.php 第 406 行.
[ 2015-02-11T12:08:30+08:00 ] /xxx/index.php/ | NOTIC: [8192] preg_replace(): The /e modifier is deprecated, use preg_replace_callback instead ThinkTemplate.class.php 第 406 行.
[ 2015-02-11T12:08:30+08:00 ] /xxx/index.php/ | NOTIC: [8192] preg_replace(): The /e modifier is deprecated, use preg_replace_callback instead ThinkTemplate.class.php 第 406 行.
[ 2015-02-11T12:08:30+08:00 ] /xxx/index.php/ | NOTIC: [8192] preg_replace(): The /e modifier is deprecated, use preg_replace_callback instead ThinkTemplate.class.php 第 406 行.
[ 2015-02-11T12:08:30+08:00 ] /xxx/index.php/ | NOTIC: [8192] preg_replace(): The /e modifier is deprecated, use preg_replace_callback instead ThinkTemplate.class.php 第 406 行.
[ 2015-02-11T12:08:30+08:00 ] /xxx/index.php/ | NOTIC: [8192] preg_replace(): The /e modifier is deprecated, use preg_replace_callback instead ThinkTemplate.class.php 第 406 行.
[ 2015-02-11T12:08:30+08:00 ] /xxx/index.php/ | NOTIC: [8192] preg_replace(): The /e modifier is deprecated, use preg_replace_callback instead ThinkTemplate.class.php 第 406 行.
[ 2015-02-11T12:08:30+08:00 ] /xxx/index.php/ | NOTIC: [8192] preg_replace(): The /e modifier is deprecated, use preg_replace_callback instead ThinkTemplate.class.php 第 406 行.
[ 2015-02-11T12:08:30+08:00 ] /xxx/index.php/ | NOTIC: [8192] preg_replace(): The /e modifier is deprecated, use preg_replace_callback instead ThinkTemplate.class.php 第 406 行.
[ 2015-02-11T12:08:30+08:00 ] /xxx/index.php/ | NOTIC: [8192] preg_replace(): The /e modifier is deprecated, use preg_replace_callback instead ThinkTemplate.class.php 第 406 行.
[ 2015-02-11T12:08:30+08:00 ] /xxx/index.php/ | NOTIC: [8192] preg_replace(): The /e modifier is deprecated, use preg_replace_callback instead ThinkTemplate.class.php 第 406 行.
[ 2015-02-11T12:08:30+08:00 ] /xxx/index.php/ | NOTIC: [8192] preg_replace(): The /e modifier is deprecated, use preg_replace_callback instead ThinkTemplate.class.php 第 406 行.
[ 2015-02-11T12:08:30+08:00 ] /xxx/index.php/ | NOTIC: [8192] preg_replace(): The /e modifier is deprecated, use preg_replace_callback instead ThinkTemplate.class.php 第 406 行.
[ 2015-02-11T12:08:30+08:00 ] /xxx/index.php/ | NOTIC: [8192] preg_replace(): The /e modifier is deprecated, use preg_replace_callback instead ThinkTemplate.class.php 第 406 行.
[ 2015-02-11T12:08:30+08:00 ] /xxx/index.php/ | NOTIC: [8192] preg_replace(): The /e modifier is deprecated, use preg_replace_callback instead ThinkTemplate.class.php 第 406 行.
[ 2015-02-11T12:08:30+08:00 ] /xxx/index.php/ | NOTIC: [8192] preg_replace(): The /e modifier is deprecated, use preg_replace_callback instead ThinkTemplate.class.php 第 406 行.
[ 2015-02-11T12:08:30+08:00 ] /xxx/index.php/ | NOTIC: [8192] preg_replace(): The /e modifier is deprecated, use preg_replace_callback instead ThinkTemplate.class.php 第 406 行.
[ 2015-02-11T12:08:30+08:00 ] /xxx/index.php/ | NOTIC: [8192] preg_replace(): The /e modifier is deprecated, use preg_replace_callback instead ThinkTemplate.class.php 第 406 行.
[ 2015-02-11T12:08:30+08:00 ] /xxx/index.php/ | NOTIC: [8192] preg_replace(): The /e modifier is deprecated, use preg_replace_callback instead ThinkTemplate.class.php 第 406 行.
[ 2015-02-11T12:08:30+08:00 ] /xxx/index.php/ | NOTIC: [8192] preg_replace(): The /e modifier is deprecated, use preg_replace_callback instead ThinkTemplate.class.php 第 406 行.
[ 2015-02-11T12:08:30+08:00 ] /xxx/index.php/ | NOTIC: [8192] preg_replace(): The /e modifier is deprecated, use preg_replace_callback instead ThinkTemplate.class.php 第 406 行.
[ 2015-02-11T12:08:30+08:00 ] /xxx/index.php/ | NOTIC: [8192] preg_replace(): The /e modifier is deprecated, use preg_replace_callback instead ThinkTemplate.class.php 第 406 行.
[ 2015-02-11T12:08:30+08:00 ] /xxx/index.php/ | NOTIC: [8192] preg_replace(): The /e modifier is deprecated, use preg_replace_callback instead ThinkTemplate.class.php 第 406 行.
[ 2015-02-11T12:08:30+08:00 ] /xxx/index.php/ | NOTIC: [8192] preg_replace(): The /e modifier is deprecated, use preg_replace_callback instead ThinkTemplate.class.php 第 406 行.
[ 2015-02-11T12:08:30+08:00 ] /xxx/index.php/ | NOTIC: [8192] preg_replace(): The /e modifier is deprecated, use preg_replace_callback instead ThinkTemplate.class.php 第 406 行.
[ 2015-02-11T12:08:30+08:00 ] /xxx/index.php/ | NOTIC: [8192] preg_replace(): The /e modifier is deprecated, use preg_replace_callback instead ThinkTemplate.class.php 第 406 行.
[ 2015-02-11T12:08:30+08:00 ] /xxx/index.php/ | NOTIC: [8192] preg_replace(): The /e modifier is deprecated, use preg_replace_callback instead ThinkTemplate.class.php 第 406 行.
[ 2015-02-11T12:08:30+08:00 ] /xxx/index.php/ | NOTIC: [8192] preg_replace(): The /e modifier is deprecated, use preg_replace_callback instead ThinkTemplate.class.php 第 406 行.
[ 2015-02-11T12:08:30+08:00 ] /xxx/index.php/ | NOTIC: [8192] preg_replace(): The /e modifier is deprecated, use preg_replace_callback instead ThinkTemplate.class.php 第 406 行.
[ 2015-02-11T12:08:30+08:00 ] /xxx/index.php/ | NOTIC: [8192] preg_replace(): The /e modifier is deprecated, use preg_replace_callback instead ThinkTemplate.class.php 第 406 行.
[ 2015-02-11T12:08:30+08:00 ] /xxx/index.php/ | NOTIC: [8192] preg_replace(): The /e modifier is deprecated, use preg_replace_callback instead ThinkTemplate.class.php 第 406 行.
[ 2015-02-11T12:08:30+08:00 ] /xxx/index.php/ | NOTIC: [8192] preg_replace(): The /e modifier is deprecated, use preg_replace_callback instead ThinkTemplate.class.php 第 406 行.
[ 2015-02-11T12:08:30+08:00 ] /xxx/index.php/ | NOTIC: [8192] preg_replace(): The /e modifier is deprecated, use preg_replace_callback instead ThinkTemplate.class.php 第 406 行.
[ 2015-02-11T12:08:30+08:00 ] /xxx/index.php/ | NOTIC: [8192] preg_replace(): The /e modifier is deprecated, use preg_replace_callback instead ThinkTemplate.class.php 第 406 行.
[ 2015-02-11T12:08:30+08:00 ] /xxx/index.php/ | NOTIC: [8192] preg_replace(): The /e modifier is deprecated, use preg_replace_callback instead ThinkTemplate.class.php 第 406 行.
[ 2015-02-11T12:08:30+08:00 ] /xxx/index.php/ | NOTIC: [8192] preg_replace(): The /e modifier is deprecated, use preg_replace_callback instead ThinkTemplate.class.php 第 406 行.
[ 2015-02-11T12:08:30+08:00 ] /xxx/index.php/ | NOTIC: [8192] preg_replace(): The /e modifier is deprecated, use preg_replace_callback instead ThinkTemplate.class.php 第 406 行.
[ 2015-02-11T12:08:30+08:00 ] /xxx/index.php/ | NOTIC: [8192] preg_replace(): The /e modifier is deprecated, use preg_replace_callback instead ThinkTemplate.class.php 第 406 行.
[ 2015-02-11T12:08:30+08:00 ] /xxx/index.php/ | NOTIC: [8192] preg_replace(): The /e modifier is deprecated, use preg_replace_callback instead ThinkTemplate.class.php 第 406 行.
[ 2015-02-11T12:08:30+08:00 ] /xxx/index.php/ | NOTIC: [8192] preg_replace(): The /e modifier is deprecated, use preg_replace_callback instead ThinkTemplate.class.php 第 406 行.
[ 2015-02-11T12:08:30+08:00 ] /xxx/index.php/ | NOTIC: [8192] preg_replace(): The /e modifier is deprecated, use preg_replace_callback instead ThinkTemplate.class.php 第 406 行.
[ 2015-02-11T12:08:30+08:00 ] /xxx/index.php/ | NOTIC: [8192] preg_replace(): The /e modifier is deprecated, use preg_replace_callback instead ThinkTemplate.class.php 第 406 行.
[ 2015-02-11T12:08:30+08:00 ] /xxx/index.php/ | NOTIC: [8192] preg_replace(): The /e modifier is deprecated, use preg_replace_callback instead ThinkTemplate.class.php 第 406 行.
[ 2015-02-11T12:08:30+08:00 ] /xxx/index.php/ | NOTIC: [8192] preg_replace(): The /e modifier is deprecated, use preg_replace_callback instead ThinkTemplate.class.php 第 406 行.
[ 2015-02-11T12:08:30+08:00 ] /xxx/index.php/ | NOTIC: [8192] preg_replace(): The /e modifier is deprecated, use preg_replace_callback instead ThinkTemplate.class.php 第 406 行.
[ 2015-02-11T12:08:30+08:00 ] /xxx/index.php/ | NOTIC: [8192] preg_replace(): The /e modifier is deprecated, use preg_replace_callback instead ThinkTemplate.class.php 第 406 行.
[ 2015-02-11T12:08:30+08:00 ] /xxx/index.php/ | NOTIC: [8192] preg_replace(): The /e modifier is deprecated, use preg_replace_callback instead ThinkTemplate.class.php 第 406 行.
[ 2015-02-11T12:08:30+08:00 ] /xxx/index.php/ | NOTIC: [8192] preg_replace(): The /e modifier is deprecated, use preg_replace_callback instead ThinkTemplate.class.php 第 406 行.
[ 2015-02-11T12:08:30+08:00 ] /xxx/index.php/ | NOTIC: [8192] preg_replace(): The /e modifier is deprecated, use preg_replace_callback instead ThinkTemplate.class.php 第 402 行.
[ 2015-02-11T12:08:30+08:00 ] /xxx/index.php/ | NOTIC: [8192] preg_replace(): The /e modifier is deprecated, use preg_replace_callback instead ThinkTemplate.class.php 第 402 行.
[ 2015-02-11T12:08:30+08:00 ] /xxx/index.php/ | NOTIC: [8192] preg_replace(): The /e modifier is deprecated, use preg_replace_callback instead ThinkTemplate.class.php 第 402 行.
[ 2015-02-11T12:08:30+08:00 ] /xxx/index.php/ | NOTIC: [8192] preg_replace(): The /e modifier is deprecated, use preg_replace_callback instead ThinkTemplate.class.php 第 402 行.
[ 2015-02-11T12:08:30+08:00 ] /xxx/index.php/ | NOTIC: [8192] preg_replace(): The /e modifier is deprecated, use preg_replace_callback instead ThinkTemplate.class.php 第 402 行.
[ 2015-02-11T12:08:30+08:00 ] /xxx/index.php/ | NOTIC: [8192] preg_replace(): The /e modifier is deprecated, use preg_replace_callback instead ThinkTemplate.class.php 第 402 行.
[ 2015-02-11T12:08:30+08:00 ] /xxx/index.php/ | NOTIC: [8192] preg_replace(): The /e modifier is deprecated, use preg_replace_callback instead ThinkTemplate.class.php 第 406 行.
[ 2015-02-11T12:08:30+08:00 ] /xxx/index.php/ | NOTIC: [8192] preg_replace(): The /e modifier is deprecated, use preg_replace_callback instead ThinkTemplate.class.php 第 406 行.
[ 2015-02-11T12:08:30+08:00 ] /xxx/index.php/ | NOTIC: [8192] preg_replace(): The /e modifier is deprecated, use preg_replace_callback instead ThinkTemplate.class.php 第 406 行.
[ 2015-02-11T12:08:30+08:00 ] /xxx/index.php/ | NOTIC: [8192] preg_replace(): The /e modifier is deprecated, use preg_replace_callback instead ThinkTemplate.class.php 第 220 行.
[ 2015-02-11T12:08:30+08:00 ] /xxx/index.php/ | NOTIC: [8192] preg_replace(): The /e modifier is deprecated, use preg_replace_callback instead ThinkTemplate.class.php 第 406 行.
[ 2015-02-11T12:08:30+08:00 ] /xxx/index.php/ | NOTIC: [8192] preg_replace(): The /e modifier is deprecated, use preg_replace_callback instead ThinkTemplate.class.php 第 406 行.
[ 2015-02-11T12:08:30+08:00 ] /xxx/index.php/ | NOTIC: [8192] preg_replace(): The /e modifier is deprecated, use preg_replace_callback instead ThinkTemplate.class.php 第 406 行.
[ 2015-02-11T12:08:30+08:00 ] /xxx/index.php/ | NOTIC: [8192] preg_replace(): The /e modifier is deprecated, use preg_replace_callback instead ThinkTemplate.class.php 第 406 行.
[ 2015-02-11T12:08:30+08:00 ] /xxx/index.php/ | NOTIC: [8192] preg_replace(): The /e modifier is deprecated, use preg_replace_callback instead ThinkTemplate.class.php 第 406 行.
[ 2015-02-11T12:08:30+08:00 ] /xxx/index.php/ | NOTIC: [8192] preg_replace(): The /e modifier is deprecated, use preg_replace_callback instead ThinkTemplate.class.php 第 406 行.
[ 2015-02-11T12:08:30+08:00 ] /xxx/index.php/ | NOTIC: [8192] preg_replace(): The /e modifier is deprecated, use preg_replace_callback instead ThinkTemplate.class.php 第 406 行.
[ 2015-02-11T12:08:30+08:00 ] /xxx/index.php/ | NOTIC: [8192] preg_replace(): The /e modifier is deprecated, use preg_replace_callback instead ThinkTemplate.class.php 第 402 行.
[ 2015-02-11T12:08:30+08:00 ] /xxx/index.php/ | NOTIC: [8192] preg_replace(): The /e modifier is deprecated, use preg_replace_callback instead ThinkTemplate.class.php 第 402 行.
[ 2015-02-11T12:08:30+08:00 ] /xxx/index.php/ | NOTIC: [8192] preg_replace(): The /e modifier is deprecated, use preg_replace_callback instead ThinkTemplate.class.php 第 406 行.
[ 2015-02-11T12:08:30+08:00 ] /xxx/index.php/ | NOTIC: [8192] preg_replace(): The /e modifier is deprecated, use preg_replace_callback instead ThinkTemplate.class.php 第 406 行.
[ 2015-02-11T12:08:30+08:00 ] /xxx/index.php/ | NOTIC: [8192] preg_replace(): The /e modifier is deprecated, use preg_replace_callback instead ThinkTemplate.class.php 第 406 行.
[ 2015-02-11T12:08:30+08:00 ] /xxx/index.php/ | NOTIC: [8192] preg_replace(): The /e modifier is deprecated, use preg_replace_callback instead ThinkTemplate.class.php 第 402 行.
[ 2015-02-11T12:08:30+08:00 ] /xxx/index.php/ | NOTIC: [8192] preg_replace(): The /e modifier is deprecated, use preg_replace_callback instead ThinkTemplate.class.php 第 406 行.
[ 2015-02-11T12:08:30+08:00 ] /xxx/index.php/ | NOTIC: [8192] preg_replace(): The /e modifier is deprecated, use preg_replace_callback instead ThinkTemplate.class.php 第 406 行.
[ 2015-02-11T12:08:30+08:00 ] /xxx/index.php/ | NOTIC: [8192] preg_replace(): The /e modifier is deprecated, use preg_replace_callback instead ThinkTemplate.class.php 第 406 行.
[ 2015-02-11T12:08:30+08:00 ] /xxx/index.php/ | NOTIC: [8192] preg_replace(): The /e modifier is deprecated, use preg_replace_callback instead ThinkTemplate.class.php 第 406 行.
[ 2015-02-11T12:08:30+08:00 ] /xxx/index.php/ | NOTIC: [8192] preg_replace(): The /e modifier is deprecated, use preg_replace_callback instead ThinkTemplate.class.php 第 406 行.
[ 2015-02-11T12:08:30+08:00 ] /xxx/index.php/ | NOTIC: [8192] preg_replace(): The /e modifier is deprecated, use preg_replace_callback instead ThinkTemplate.class.php 第 406 行.
[ 2015-02-11T12:08:30+08:00 ] /xxx/index.php/ | NOTIC: [8192] preg_replace(): The /e modifier is deprecated, use preg_replace_callback instead ThinkTemplate.class.php 第 406 行.
[ 2015-02-11T12:08:30+08:00 ] /xxx/index.php/ | NOTIC: [8192] preg_replace(): The /e modifier is deprecated, use preg_replace_callback instead ThinkTemplate.class.php 第 406 行.
[ 2015-02-11T12:08:30+08:00 ] /xxx/index.php/ | NOTIC: [8192] preg_replace(): The /e modifier is deprecated, use preg_replace_callback instead ThinkTemplate.class.php 第 406 行.
[ 2015-02-11T12:08:30+08:00 ] /xxx/index.php/ | NOTIC: [8192] preg_replace(): The /e modifier is deprecated, use preg_replace_callback instead ThinkTemplate.class.php 第 406 行.
[ 2015-02-11T12:08:30+08:00 ] /xxx/index.php/ | NOTIC: [8192] preg_replace(): The /e modifier is deprecated, use preg_replace_callback instead ThinkTemplate.class.php 第 406 行.
[ 2015-02-11T12:08:30+08:00 ] /xxx/index.php/ | NOTIC: [8192] preg_replace(): The /e modifier is deprecated, use preg_replace_callback instead ThinkTemplate.class.php 第 406 行.
[ 2015-02-11T12:08:30+08:00 ] /xxx/index.php/ | NOTIC: [8192] preg_replace(): The /e modifier is deprecated, use preg_replace_callback instead ThinkTemplate.class.php 第 406 行.
[ 2015-02-11T12:08:30+08:00 ] /xxx/index.php/ | NOTIC: [8192] preg_replace(): The /e modifier is deprecated, use preg_replace_callback instead ThinkTemplate.class.php 第 406 行.
[ 2015-02-11T12:08:30+08:00 ] /xxx/index.php/ | NOTIC: [8192] preg_replace(): The /e modifier is deprecated, use preg_replace_callback instead ThinkTemplate.class.php 第 406 行.
[ 2015-02-11T12:08:30+08:00 ] /xxx/index.php/ | NOTIC: [8192] preg_replace(): The /e modifier is deprecated, use preg_replace_callback instead ThinkTemplate.class.php 第 406 行.
[ 2015-02-11T12:08:30+08:00 ] /xxx/index.php/ | NOTIC: [8192] preg_replace(): The /e modifier is deprecated, use preg_replace_callback instead ThinkTemplate.class.php 第 406 行.
[ 2015-02-11T12:08:30+08:00 ] /xxx/index.php/ | NOTIC: [8192] preg_replace(): The /e modifier is deprecated, use preg_replace_callback instead ThinkTemplate.class.php 第 406 行.
[ 2015-02-11T12:08:30+08:00 ] /xxx/index.php/ | NOTIC: [8192] preg_replace(): The /e modifier is deprecated, use preg_replace_callback instead ThinkTemplate.class.php 第 406 行.
[ 2015-02-11T12:08:30+08:00 ] /xxx/index.php/ | NOTIC: [8192] preg_replace(): The /e modifier is deprecated, use preg_replace_callback instead ThinkTemplate.class.php 第 406 行.
[ 2015-02-11T12:08:30+08:00 ] /xxx/index.php/ | NOTIC: [8192] preg_replace(): The /e modifier is deprecated, use preg_replace_callback instead ThinkTemplate.class.php 第 406 行.
[ 2015-02-11T12:08:30+08:00 ] /xxx/index.php/ | NOTIC: [8192] preg_replace(): The /e modifier is deprecated, use preg_replace_callback instead ThinkTemplate.class.php 第 406 行.
[ 2015-02-11T12:08:30+08:00 ] /xxx/index.php/ | NOTIC: [8192] preg_replace(): The /e modifier is deprecated, use preg_replace_callback instead ThinkTemplate.class.php 第 406 行.
[ 2015-02-11T12:08:30+08:00 ] /xxx/index.php/ | NOTIC: [8192] preg_replace(): The /e modifier is deprecated, use preg_replace_callback instead ThinkTemplate.class.php 第 406 行.
[ 2015-02-11T12:08:30+08:00 ] /xxx/index.php/ | NOTIC: [8192] preg_replace(): The /e modifier is deprecated, use preg_replace_callback instead ThinkTemplate.class.php 第 406 行.
[ 2015-02-11T12:08:30+08:00 ] /xxx/index.php/ | NOTIC: [8192] preg_replace(): The /e modifier is deprecated, use preg_replace_callback instead ThinkTemplate.class.php 第 406 行.
[ 2015-02-11T12:08:30+08:00 ] /xxx/index.php/ | NOTIC: [8192] preg_replace(): The /e modifier is deprecated, use preg_replace_callback instead ThinkTemplate.class.php 第 406 行.
[ 2015-02-11T12:08:30+08:00 ] /xxx/index.php/ | NOTIC: [8192] preg_replace(): The /e modifier is deprecated, use preg_replace_callback instead ThinkTemplate.class.php 第 406 行.
[ 2015-02-11T12:08:30+08:00 ] /xxx/index.php/ | NOTIC: [8192] preg_replace(): The /e modifier is deprecated, use preg_replace_callback instead ThinkTemplate.class.php 第 406 行.
[ 2015-02-11T12:08:30+08:00 ] /xxx/index.php/ | NOTIC: [8192] preg_replace(): The /e modifier is deprecated, use preg_replace_callback instead ThinkTemplate.class.php 第 406 行.
[ 2015-02-11T12:08:30+08:00 ] /xxx/index.php/ | NOTIC: [8192] preg_replace(): The /e modifier is deprecated, use preg_replace_callback instead ThinkTemplate.class.php 第 406 行.
[ 2015-02-11T12:08:30+08:00 ] /xxx/index.php/ | NOTIC: [8192] preg_replace(): The /e modifier is deprecated, use preg_replace_callback instead ThinkTemplate.class.php 第 406 行.
[ 2015-02-11T12:08:30+08:00 ] /xxx/index.php/ | NOTIC: [8192] preg_replace(): The /e modifier is deprecated, use preg_replace_callback instead ThinkTemplate.class.php 第 406 行.
[ 2015-02-11T12:08:30+08:00 ] /xxx/index.php/ | NOTIC: [8192] preg_replace(): The /e modifier is deprecated, use preg_replace_callback instead ThinkTemplate.class.php 第 406 行.
[ 2015-02-11T12:08:30+08:00 ] /xxx/index.php/ | NOTIC: [8192] preg_replace(): The /e modifier is deprecated, use preg_replace_callback instead ThinkTemplate.class.php 第 406 行.
[ 2015-02-11T12:08:30+08:00 ] /xxx/index.php/ | NOTIC: [8192] preg_replace(): The /e modifier is deprecated, use preg_replace_callback instead ThinkTemplate.class.php 第 406 行.
[ 2015-02-11T12:08:30+08:00 ] /xxx/index.php/ | NOTIC: [8192] preg_replace(): The /e modifier is deprecated, use preg_replace_callback instead ThinkTemplate.class.php 第 406 行.
[ 2015-02-11T12:08:30+08:00 ] /xxx/index.php/ | NOTIC: [8192] preg_replace(): The /e modifier is deprecated, use preg_replace_callback instead ThinkTemplate.class.php 第 406 行.
[ 2015-02-11T12:08:30+08:00 ] /xxx/index.php/ | NOTIC: [8192] preg_replace(): The /e modifier is deprecated, use preg_replace_callback instead ThinkTemplate.class.php 第 406 行.
[ 2015-02-11T12:08:30+08:00 ] /xxx/index.php/ | NOTIC: [8192] preg_replace(): The /e modifier is deprecated, use preg_replace_callback instead ThinkTemplate.class.php 第 406 行.
[ 2015-02-11T12:08:30+08:00 ] /xxx/index.php/ | NOTIC: [8192] preg_replace(): The /e modifier is deprecated, use preg_replace_callback instead ThinkTemplate.class.php 第 406 行.
[ 2015-02-11T12:08:30+08:00 ] /xxx/index.php/ | NOTIC: [8192] preg_replace(): The /e modifier is deprecated, use preg_replace_callback instead ThinkTemplate.class.php 第 406 行.
[ 2015-02-11T12:08:30+08:00 ] /xxx/index.php/ | NOTIC: [8192] preg_replace(): The /e modifier is deprecated, use preg_replace_callback instead ThinkTemplate.class.php 第 406 行.
[ 2015-02-11T12:08:30+08:00 ] /xxx/index.php/ | NOTIC: [8192] preg_replace(): The /e modifier is deprecated, use preg_replace_callback instead ThinkTemplate.class.php 第 406 行.
[ 2015-02-11T12:08:30+08:00 ] /xxx/index.php/ | NOTIC: [8192] preg_replace(): The /e modifier is deprecated, use preg_replace_callback instead ThinkTemplate.class.php 第 406 行.
[ 2015-02-11T12:08:30+08:00 ] /xxx/index.php/ | NOTIC: [8192] preg_replace(): The /e modifier is deprecated, use preg_replace_callback instead ThinkTemplate.class.php 第 406 行.
[ 2015-02-11T12:08:30+08:00 ] /xxx/index.php/ | NOTIC: [8192] preg_replace(): The /e modifier is deprecated, use preg_replace_callback instead ThinkTemplate.class.php 第 406 行.
[ 2015-02-11T12:08:30+08:00 ] /xxx/index.php/ | NOTIC: [8192] preg_replace(): The /e modifier is deprecated, use preg_replace_callback instead ThinkTemplate.class.php 第 406 行.
[ 2015-02-11T12:08:30+08:00 ] /xxx/index.php/ | NOTIC: [8192] preg_replace(): The /e modifier is deprecated, use preg_replace_callback instead ThinkTemplate.class.php 第 406 行.
[ 2015-02-11T12:08:30+08:00 ] /xxx/index.php/ | NOTIC: [8192] preg_replace(): The /e modifier is deprecated, use preg_replace_callback instead ThinkTemplate.class.php 第 406 行.
[ 2015-02-11T12:08:30+08:00 ] /xxx/index.php/ | NOTIC: [8192] preg_replace(): The /e modifier is deprecated, use preg_replace_callback instead ThinkTemplate.class.php 第 406 行.
[ 2015-02-11T12:08:30+08:00 ] /xxx/index.php/ | NOTIC: [8192] preg_replace(): The /e modifier is deprecated, use preg_replace_callback instead ThinkTemplate.class.php 第 406 行.
[ 2015-02-11T12:08:30+08:00 ] /xxx/index.php/ | NOTIC: [8192] preg_replace(): The /e modifier is deprecated, use preg_replace_callback instead ThinkTemplate.class.php 第 406 行.
[ 2015-02-11T12:08:30+08:00 ] /xxx/index.php/ | NOTIC: [8192] preg_replace(): The /e modifier is deprecated, use preg_replace_callback instead ThinkTemplate.class.php 第 406 行.
[ 2015-02-11T12:08:30+08:00 ] /xxx/index.php/ | NOTIC: [8192] preg_replace(): The /e modifier is deprecated, use preg_replace_callback instead ThinkTemplate.class.php 第 406 行.
[ 2015-02-11T12:08:30+08:00 ] /xxx/index.php/ | NOTIC: [8192] preg_replace(): The /e modifier is deprecated, use preg_replace_callback instead ThinkTemplate.class.php 第 406 行.
[ 2015-02-11T12:08:30+08:00 ] /xxx/index.php/ | NOTIC: [8192] preg_replace(): The /e modifier is deprecated, use preg_replace_callback instead ThinkTemplate.class.php 第 406 行.
[ 2015-02-11T12:08:30+08:00 ] /xxx/index.php/ | NOTIC: [8192] preg_replace(): The /e modifier is deprecated, use preg_replace_callback instead ThinkTemplate.class.php 第 406 行.
[ 2015-02-11T12:08:30+08:00 ] /xxx/index.php/ | NOTIC: [8192] preg_replace(): The /e modifier is deprecated, use preg_replace_callback instead ThinkTemplate.class.php 第 406 行.
[ 2015-02-11T12:08:30+08:00 ] /xxx/index.php/ | NOTIC: [8192] preg_replace(): The /e modifier is deprecated, use preg_replace_callback instead ThinkTemplate.class.php 第 406 行.
[ 2015-02-11T12:08:30+08:00 ] /xxx/index.php/ | NOTIC: [8192] preg_replace(): The /e modifier is deprecated, use preg_replace_callback instead ThinkTemplate.class.php 第 406 行.
[ 2015-02-11T12:08:30+08:00 ] /xxx/index.php/ | NOTIC: [8192] preg_replace(): The /e modifier is deprecated, use preg_replace_callback instead ThinkTemplate.class.php 第 406 行.
[ 2015-02-11T12:08:30+08:00 ] /xxx/index.php/ | NOTIC: [8192] preg_replace(): The /e modifier is deprecated, use preg_replace_callback instead ThinkTemplate.class.php 第 406 行.
[ 2015-02-11T12:08:30+08:00 ] /xxx/index.php/ | NOTIC: [8192] preg_replace(): The /e modifier is deprecated, use preg_replace_callback instead ThinkTemplate.class.php 第 406 行.
[ 2015-02-11T12:08:30+08:00 ] /xxx/index.php/ | NOTIC: [8192] preg_replace(): The /e modifier is deprecated, use preg_replace_callback instead ThinkTemplate.class.php 第 406 行.
[ 2015-02-11T12:08:30+08:00 ] /xxx/index.php/ | NOTIC: [8192] preg_replace(): The /e modifier is deprecated, use preg_replace_callback instead ThinkTemplate.class.php 第 406 行.
[ 2015-02-11T12:08:30+08:00 ] /xxx/index.php/ | NOTIC: [8192] preg_replace(): The /e modifier is deprecated, use preg_replace_callback instead ThinkTemplate.class.php 第 402 行.
[ 2015-02-11T12:08:30+08:00 ] /xxx/index.php/ | NOTIC: [8192] preg_replace(): The /e modifier is deprecated, use preg_replace_callback instead ThinkTemplate.class.php 第 402 行.
[ 2015-02-11T12:08:30+08:00 ] /xxx/index.php/ | NOTIC: [8192] preg_replace(): The /e modifier is deprecated, use preg_replace_callback instead ThinkTemplate.class.php 第 402 行.
[ 2015-02-11T12:08:30+08:00 ] /xxx/index.php/ | NOTIC: [8192] preg_replace(): The /e modifier is deprecated, use preg_replace_callback instead ThinkTemplate.class.php 第 402 行.
[ 2015-02-11T12:08:30+08:00 ] /xxx/index.php/ | NOTIC: [8192] preg_replace(): The /e modifier is deprecated, use preg_replace_callback instead ThinkTemplate.class.php 第 402 行.
[ 2015-02-11T12:08:30+08:00 ] /xxx/index.php/ | NOTIC: [8192] preg_replace(): The /e modifier is deprecated, use preg_replace_callback instead ThinkTemplate.class.php 第 402 行.
[ 2015-02-11T12:08:30+08:00 ] /xxx/index.php/ | NOTIC: [8192] preg_replace(): The /e modifier is deprecated, use preg_replace_callback instead ThinkTemplate.class.php 第 406 行.
[ 2015-02-11T12:08:30+08:00 ] /xxx/index.php/ | NOTIC: [8192] preg_replace(): The /e modifier is deprecated, use preg_replace_callback instead ThinkTemplate.class.php 第 406 行.
[ 2015-02-11T12:08:30+08:00 ] /xxx/index.php/ | NOTIC: [8192] preg_replace(): The /e modifier is deprecated, use preg_replace_callback instead ThinkTemplate.class.php 第 406 行.
[ 2015-02-11T12:08:30+08:00 ] /xxx/index.php/ | NOTIC: [8192] preg_replace(): The /e modifier is deprecated, use preg_replace_callback instead ThinkTemplate.class.php 第 220 行.
[ 2015-02-11T12:08:30+08:00 ] /xxx/index.php/ | NOTIC: [8192] preg_replace(): The /e modifier is deprecated, use preg_replace_callback instead ThinkTemplate.class.php 第 154 行.
[ 2015-02-11T12:08:30+08:00 ] /xxx/index.php/ | INFO: Run ParseTemplate Behavior [ RunTime:0.023015s ]
[ 2015-02-11T12:08:30+08:00 ] /xxx/index.php/ | INFO: Tag[ view_parse ] --END-- [ RunTime:0.023193s ]
[ 2015-02-11T12:08:30+08:00 ] /xxx/index.php/ | INFO: Tag[ view_filter ] --START--
[ 2015-02-11T12:08:30+08:00 ] /xxx/index.php/ | INFO: Run ContentReplace Behavior [ RunTime:0.001153s ]
[ 2015-02-11T12:08:30+08:00 ] /xxx/index.php/ | INFO: Run TokenBuild Behavior [ RunTime:0.001271s ]
[ 2015-02-11T12:08:30+08:00 ] /xxx/index.php/ | INFO: Run WriteHtmlCache Behavior [ RunTime:0.001033s ]
[ 2015-02-11T12:08:30+08:00 ] /xxx/index.php/ | INFO: Run ShowRuntime Behavior [ RunTime:0.001281s ]
[ 2015-02-11T12:08:30+08:00 ] /xxx/index.php/ | INFO: Tag[ view_filter ] --END-- [ RunTime:0.005085s ]
[ 2015-02-11T12:08:30+08:00 ] /xxx/index.php/ | INFO: Tag[ view_end ] --START--
[ 2015-02-11T12:08:30+08:00 ] /xxx/index.php/ | INFO: Run ShowPageTrace Behavior [ RunTime:0.001037s ]
[ 2015-02-11T12:08:30+08:00 ] /xxx/index.php/ | INFO: Tag[ view_end ] --END-- [ RunTime:0.001138s ]
